{"meta": {"format": 3, "version": "7.13.5", "timestamp": "2026-03-30T07:16:32.533136", "branch_coverage": false, "show_contexts": false}, "files": {"scripts/__init__.py": {"executed_lines": [], "summary": {"covered_lines": 0, "num_statements": 0, "percent_covered": 100.0, "percent_covered_display": "100", "missing_lines": 0, "excluded_lines": 0, "percent_statements_covered": 100.0, "percent_statements_covered_display": "100"}, "missing_lines": [], "excluded_lines": [], "functions": {"": {"executed_lines": [], "summary": {"covered_lines": 0, "num_statements": 0, "percent_covered": 100.0, "percent_covered_display": "100", "missing_lines": 0, "excluded_lines": 0, "percent_statements_covered": 100.0, "percent_statements_covered_display": "100"}, "missing_lines": [], "excluded_lines": [], "start_line": 1}}, "classes": {"": {"executed_lines": [], "summary": {"covered_lines": 0, "num_statements": 0, "percent_covered": 100.0, "percent_covered_display": "100", "missing_lines": 0, "excluded_lines": 0, "percent_statements_covered": 100.0, "percent_statements_covered_display": "100"}, "missing_lines": [], "excluded_lines": [], "start_line": 1}}}, "scripts/autopilot_metrics_collector.py": {"executed_lines": [], "summary": {"covered_lines": 0, "num_statements": 378, "percent_covered": 0.0, "percent_covered_display": "0", "missing_lines": 378, "excluded_lines": 2, "percent_statements_covered": 0.0, "percent_statements_covered_display": "0"}, "missing_lines": [33, 35, 36, 37, 38, 39, 40, 41, 42, 43, 45, 47, 94, 95, 96, 97, 98, 99, 100, 103, 105, 108, 109, 112, 114, 115, 118, 119, 122, 123, 124, 125, 126, 127, 128, 129, 130, 131, 132, 133, 134, 137, 138, 139, 140, 141, 142, 143, 146, 147, 148, 149, 150, 151, 152, 155, 156, 159, 160, 161, 162, 163, 166, 167, 168, 169, 171, 173, 174, 175, 176, 177, 178, 179, 180, 181, 182, 183, 184, 185, 186, 187, 188, 189, 190, 191, 192, 194, 197, 198, 199, 200, 202, 204, 205, 206, 207, 208, 209, 210, 211, 213, 214, 215, 217, 220, 221, 222, 223, 225, 227, 228, 229, 230, 231, 232, 233, 234, 235, 236, 238, 241, 243, 244, 245, 246, 247, 248, 249, 250, 251, 252, 253, 254, 255, 256, 257, 258, 261, 262, 265, 266, 267, 268, 269, 272, 273, 274, 275, 276, 277, 278, 279, 280, 281, 282, 285, 286, 287, 288, 289, 290, 291, 292, 295, 296, 297, 298, 299, 300, 301, 304, 305, 306, 307, 310, 311, 312, 313, 314, 315, 316, 317, 318, 321, 322, 323, 324, 326, 327, 328, 329, 336, 337, 338, 339, 341, 342, 343, 344, 345, 346, 347, 348, 349, 350, 351, 352, 353, 354, 355, 356, 357, 358, 359, 362, 363, 364, 365, 370, 371, 372, 373, 374, 375, 376, 384, 386, 387, 388, 389, 390, 391, 392, 393, 395, 396, 397, 398, 399, 400, 402, 405, 406, 407, 408, 409, 410, 411, 412, 413, 414, 415, 416, 417, 418, 419, 420, 429, 430, 431, 432, 433, 434, 435, 438, 439, 443, 444, 445, 448, 449, 450, 451, 452, 455, 456, 465, 466, 467, 468, 469, 470, 473, 479, 480, 481, 482, 483, 484, 485, 486, 487, 488, 489, 490, 491, 492, 494, 505, 506, 507, 508, 511, 512, 513, 514, 515, 516, 517, 518, 519, 520, 521, 522, 523, 525, 535, 536, 537, 538, 541, 542, 543, 544, 545, 550, 553, 554, 555, 556, 557, 558, 559, 560, 561, 562, 563, 564, 565, 566, 567, 568, 569, 570, 573, 574, 575, 576, 577, 578, 579, 580, 581, 582, 583, 584, 586, 587, 588, 589, 591, 592, 593, 594, 595, 596, 598, 599, 600, 601, 602, 603, 604, 605, 607, 609, 610], "excluded_lines": [613, 614], "functions": {"schema_payload": {"executed_lines": [], "summary": {"covered_lines": 0, "num_statements": 1, "percent_covered": 0.0, "percent_covered_display": "0", "missing_lines": 1, "excluded_lines": 0, "percent_statements_covered": 0.0, "percent_statements_covered_display": "0"}, "missing_lines": [105], "excluded_lines": [], "start_line": 103}, "ValidationError.__str__": {"executed_lines": [], "summary": {"covered_lines": 0, "num_statements": 1, "percent_covered": 0.0, "percent_covered_display": "0", "missing_lines": 1, "excluded_lines": 0, "percent_statements_covered": 0.0, "percent_statements_covered_display": "0"}, "missing_lines": [115], "excluded_lines": [], "start_line": 114}, "_is_int": {"executed_lines": [], "summary": {"covered_lines": 0, "num_statements": 1, "percent_covered": 0.0, "percent_covered_display": "0", "missing_lines": 1, "excluded_lines": 0, "percent_statements_covered": 0.0, "percent_statements_covered_display": "0"}, "missing_lines": [119], "excluded_lines": [], "start_line": 118}, "_parse_timestamp": {"executed_lines": [], "summary": {"covered_lines": 0, "num_statements": 12, "percent_covered": 0.0, "percent_covered_display": "0", "missing_lines": 12, "excluded_lines": 0, "percent_statements_covered": 0.0, "percent_statements_covered_display": "0"}, "missing_lines": [123, 124, 125, 126, 127, 128, 129, 130, 131, 132, 133, 134], "excluded_lines": [], "start_line": 122}, "_validate_trace_fields": {"executed_lines": [], "summary": {"covered_lines": 0, "num_statements": 6, "percent_covered": 0.0, "percent_covered_display": "0", "missing_lines": 6, "excluded_lines": 0, "percent_statements_covered": 0.0, "percent_statements_covered_display": "0"}, "missing_lines": [138, 139, 140, 141, 142, 143], "excluded_lines": [], "start_line": 137}, "_duration_ms_from_bounds": {"executed_lines": [], "summary": {"covered_lines": 0, "num_statements": 6, "percent_covered": 0.0, "percent_covered_display": "0", "missing_lines": 6, "excluded_lines": 0, "percent_statements_covered": 0.0, "percent_statements_covered_display": "0"}, "missing_lines": [147, 148, 149, 150, 151, 152], "excluded_lines": [], "start_line": 146}, "_utc_now_epoch_ms": {"executed_lines": [], "summary": {"covered_lines": 0, "num_statements": 1, "percent_covered": 0.0, "percent_covered_display": "0", "missing_lines": 1, "excluded_lines": 0, "percent_statements_covered": 0.0, "percent_statements_covered_display": "0"}, "missing_lines": [156], "excluded_lines": [], "start_line": 155}, "_duration_ms_from_epoch_bounds": {"executed_lines": [], "summary": {"covered_lines": 0, "num_statements": 4, "percent_covered": 0.0, "percent_covered_display": "0", "missing_lines": 4, "excluded_lines": 0, "percent_statements_covered": 0.0, "percent_statements_covered_display": "0"}, "missing_lines": [160, 161, 162, 163], "excluded_lines": [], "start_line": 159}, "_validate_step": {"executed_lines": [], "summary": {"covered_lines": 0, "num_statements": 25, "percent_covered": 0.0, "percent_covered_display": "0", "missing_lines": 25, "excluded_lines": 0, "percent_statements_covered": 0.0, "percent_statements_covered_display": "0"}, "missing_lines": [167, 168, 169, 171, 173, 174, 175, 176, 177, 178, 179, 180, 181, 182, 183, 184, 185, 186, 187, 188, 189, 190, 191, 192, 194], "excluded_lines": [], "start_line": 166}, "_validate_cycle": {"executed_lines": [], "summary": {"covered_lines": 0, "num_statements": 16, "percent_covered": 0.0, "percent_covered_display": "0", "missing_lines": 16, "excluded_lines": 0, "percent_statements_covered": 0.0, "percent_statements_covered_display": "0"}, "missing_lines": [198, 199, 200, 202, 204, 205, 206, 207, 208, 209, 210, 211, 213, 214, 215, 217], "excluded_lines": [], "start_line": 197}, "_validate_escalation": {"executed_lines": [], "summary": {"covered_lines": 0, "num_statements": 15, "percent_covered": 0.0, "percent_covered_display": "0", "missing_lines": 15, "excluded_lines": 0, "percent_statements_covered": 0.0, "percent_statements_covered_display": "0"}, "missing_lines": [221, 222, 223, 225, 227, 228, 229, 230, 231, 232, 233, 234, 235, 236, 238], "excluded_lines": [], "start_line": 220}, "validate_record": {"executed_lines": [], "summary": {"covered_lines": 0, "num_statements": 16, "percent_covered": 0.0, "percent_covered_display": "0", "missing_lines": 16, "excluded_lines": 0, "percent_statements_covered": 0.0, "percent_statements_covered_display": "0"}, "missing_lines": [243, 244, 245, 246, 247, 248, 249, 250, 251, 252, 253, 254, 255, 256, 257, 258], "excluded_lines": [], "start_line": 241}, "_utc_now_iso": {"executed_lines": [], "summary": {"covered_lines": 0, "num_statements": 1, "percent_covered": 0.0, "percent_covered_display": "0", "missing_lines": 1, "excluded_lines": 0, "percent_statements_covered": 0.0, "percent_statements_covered_display": "0"}, "missing_lines": [262], "excluded_lines": [], "start_line": 261}, "_coerce_int": {"executed_lines": [], "summary": {"covered_lines": 0, "num_statements": 4, "percent_covered": 0.0, "percent_covered_display": "0", "missing_lines": 4, "excluded_lines": 0, "percent_statements_covered": 0.0, "percent_statements_covered_display": "0"}, "missing_lines": [266, 267, 268, 269], "excluded_lines": [], "start_line": 265}, "_coerce_bool": {"executed_lines": [], "summary": {"covered_lines": 0, "num_statements": 10, "percent_covered": 0.0, "percent_covered_display": "0", "missing_lines": 10, "excluded_lines": 0, "percent_statements_covered": 0.0, "percent_statements_covered_display": "0"}, "missing_lines": [273, 274, 275, 276, 277, 278, 279, 280, 281, 282], "excluded_lines": [], "start_line": 272}, "_env_or_value": {"executed_lines": [], "summary": {"covered_lines": 0, "num_statements": 7, "percent_covered": 0.0, "percent_covered_display": "0", "missing_lines": 7, "excluded_lines": 0, "percent_statements_covered": 0.0, "percent_statements_covered_display": "0"}, "missing_lines": [286, 287, 288, 289, 290, 291, 292], "excluded_lines": [], "start_line": 285}, "_normalize_failure_reason": {"executed_lines": [], "summary": {"covered_lines": 0, "num_statements": 6, "percent_covered": 0.0, "percent_covered_display": "0", "missing_lines": 6, "excluded_lines": 0, "percent_statements_covered": 0.0, "percent_statements_covered_display": "0"}, "missing_lines": [296, 297, 298, 299, 300, 301], "excluded_lines": [], "start_line": 295}, "_derive_trace_url": {"executed_lines": [], "summary": {"covered_lines": 0, "num_statements": 3, "percent_covered": 0.0, "percent_covered_display": "0", "missing_lines": 3, "excluded_lines": 0, "percent_statements_covered": 0.0, "percent_statements_covered_display": "0"}, "missing_lines": [305, 306, 307], "excluded_lines": [], "start_line": 304}, "_normalize_trace_url": {"executed_lines": [], "summary": {"covered_lines": 0, "num_statements": 8, "percent_covered": 0.0, "percent_covered_display": "0", "missing_lines": 8, "excluded_lines": 0, "percent_statements_covered": 0.0, "percent_statements_covered_display": "0"}, "missing_lines": [311, 312, 313, 314, 315, 316, 317, 318], "excluded_lines": [], "start_line": 310}, "build_record_from_args": {"executed_lines": [], "summary": {"covered_lines": 0, "num_statements": 57, "percent_covered": 0.0, "percent_covered_display": "0", "missing_lines": 57, "excluded_lines": 0, "percent_statements_covered": 0.0, "percent_statements_covered_display": "0"}, "missing_lines": [322, 323, 324, 326, 327, 328, 329, 336, 337, 338, 339, 341, 342, 343, 344, 345, 346, 347, 348, 349, 350, 351, 352, 353, 354, 355, 356, 357, 358, 359, 362, 363, 364, 365, 370, 371, 372, 373, 374, 375, 376, 384, 386, 387, 388, 389, 390, 391, 392, 393, 395, 396, 397, 398, 399, 400, 402], "excluded_lines": [], "start_line": 321}, "load_record_from_json": {"executed_lines": [], "summary": {"covered_lines": 0, "num_statements": 27, "percent_covered": 0.0, "percent_covered_display": "0", "missing_lines": 27, "excluded_lines": 0, "percent_statements_covered": 0.0, "percent_statements_covered_display": "0"}, "missing_lines": [406, 407, 408, 409, 410, 411, 412, 413, 414, 415, 416, 417, 418, 419, 420, 429, 430, 431, 432, 433, 434, 435, 438, 439, 443, 444, 445], "excluded_lines": [], "start_line": 405}, "append_record": {"executed_lines": [], "summary": {"covered_lines": 0, "num_statements": 4, "percent_covered": 0.0, "percent_covered_display": "0", "missing_lines": 4, "excluded_lines": 0, "percent_statements_covered": 0.0, "percent_statements_covered_display": "0"}, "missing_lines": [449, 450, 451, 452], "excluded_lines": [], "start_line": 448}, "_summary_env_details": {"executed_lines": [], "summary": {"covered_lines": 0, "num_statements": 7, "percent_covered": 0.0, "percent_covered_display": "0", "missing_lines": 7, "excluded_lines": 0, "percent_statements_covered": 0.0, "percent_statements_covered_display": "0"}, "missing_lines": [456, 465, 466, 467, 468, 469, 470], "excluded_lines": [], "start_line": 455}, "_write_failure_summary": {"executed_lines": [], "summary": {"covered_lines": 0, "num_statements": 19, "percent_covered": 0.0, "percent_covered_display": "0", "missing_lines": 19, "excluded_lines": 0, "percent_statements_covered": 0.0, "percent_statements_covered_display": "0"}, "missing_lines": [479, 480, 481, 482, 483, 484, 485, 486, 487, 488, 489, 490, 491, 492, 494, 505, 506, 507, 508], "excluded_lines": [], "start_line": 473}, "_write_runtime_summary": {"executed_lines": [], "summary": {"covered_lines": 0, "num_statements": 17, "percent_covered": 0.0, "percent_covered_display": "0", "missing_lines": 17, "excluded_lines": 0, "percent_statements_covered": 0.0, "percent_statements_covered_display": "0"}, "missing_lines": [512, 513, 514, 515, 516, 517, 518, 519, 520, 521, 522, 523, 525, 535, 536, 537, 538], "excluded_lines": [], "start_line": 511}, "build_parser": {"executed_lines": [], "summary": {"covered_lines": 0, "num_statements": 23, "percent_covered": 0.0, "percent_covered_display": "0", "missing_lines": 23, "excluded_lines": 0, "percent_statements_covered": 0.0, "percent_statements_covered_display": "0"}, "missing_lines": [542, 543, 544, 545, 550, 553, 554, 555, 556, 557, 558, 559, 560, 561, 562, 563, 564, 565, 566, 567, 568, 569, 570], "excluded_lines": [], "start_line": 541}, "main": {"executed_lines": [], "summary": {"covered_lines": 0, "num_statements": 32, "percent_covered": 0.0, "percent_covered_display": "0", "missing_lines": 32, "excluded_lines": 0, "percent_statements_covered": 0.0, "percent_statements_covered_display": "0"}, "missing_lines": [574, 575, 576, 577, 578, 579, 580, 581, 582, 583, 584, 586, 587, 588, 589, 591, 592, 593, 594, 595, 596, 598, 599, 600, 601, 602, 603, 604, 605, 607, 609, 610], "excluded_lines": [], "start_line": 573}, "": {"executed_lines": [], "summary": {"covered_lines": 0, "num_statements": 49, "percent_covered": 0.0, "percent_covered_display": "0", "missing_lines": 49, "excluded_lines": 2, "percent_statements_covered": 0.0, "percent_statements_covered_display": "0"}, "missing_lines": [33, 35, 36, 37, 38, 39, 40, 41, 42, 43, 45, 47, 94, 95, 96, 97, 98, 99, 100, 103, 108, 109, 112, 114, 118, 122, 137, 146, 155, 159, 166, 197, 220, 241, 261, 265, 272, 285, 295, 304, 310, 321, 405, 448, 455, 473, 511, 541, 573], "excluded_lines": [613, 614], "start_line": 1}}, "classes": {"ValidationError": {"executed_lines": [], "summary": {"covered_lines": 0, "num_statements": 1, "percent_covered": 0.0, "percent_covered_display": "0", "missing_lines": 1, "excluded_lines": 0, "percent_statements_covered": 0.0, "percent_statements_covered_display": "0"}, "missing_lines": [115], "excluded_lines": [], "start_line": 109}, "": {"executed_lines": [], "summary": {"covered_lines": 0, "num_statements": 377, "percent_covered": 0.0, "percent_covered_display": "0", "missing_lines": 377, "excluded_lines": 2, "percent_statements_covered": 0.0, "percent_statements_covered_display": "0"}, "missing_lines": [33, 35, 36, 37, 38, 39, 40, 41, 42, 43, 45, 47, 94, 95, 96, 97, 98, 99, 100, 103, 105, 108, 109, 112, 114, 118, 119, 122, 123, 124, 125, 126, 127, 128, 129, 130, 131, 132, 133, 134, 137, 138, 139, 140, 141, 142, 143, 146, 147, 148, 149, 150, 151, 152, 155, 156, 159, 160, 161, 162, 163, 166, 167, 168, 169, 171, 173, 174, 175, 176, 177, 178, 179, 180, 181, 182, 183, 184, 185, 186, 187, 188, 189, 190, 191, 192, 194, 197, 198, 199, 200, 202, 204, 205, 206, 207, 208, 209, 210, 211, 213, 214, 215, 217, 220, 221, 222, 223, 225, 227, 228, 229, 230, 231, 232, 233, 234, 235, 236, 238, 241, 243, 244, 245, 246, 247, 248, 249, 250, 251, 252, 253, 254, 255, 256, 257, 258, 261, 262, 265, 266, 267, 268, 269, 272, 273, 274, 275, 276, 277, 278, 279, 280, 281, 282, 285, 286, 287, 288, 289, 290, 291, 292, 295, 296, 297, 298, 299, 300, 301, 304, 305, 306, 307, 310, 311, 312, 313, 314, 315, 316, 317, 318, 321, 322, 323, 324, 326, 327, 328, 329, 336, 337, 338, 339, 341, 342, 343, 344, 345, 346, 347, 348, 349, 350, 351, 352, 353, 354, 355, 356, 357, 358, 359, 362, 363, 364, 365, 370, 371, 372, 373, 374, 375, 376, 384, 386, 387, 388, 389, 390, 391, 392, 393, 395, 396, 397, 398, 399, 400, 402, 405, 406, 407, 408, 409, 410, 411, 412, 413, 414, 415, 416, 417, 418, 419, 420, 429, 430, 431, 432, 433, 434, 435, 438, 439, 443, 444, 445, 448, 449, 450, 451, 452, 455, 456, 465, 466, 467, 468, 469, 470, 473, 479, 480, 481, 482, 483, 484, 485, 486, 487, 488, 489, 490, 491, 492, 494, 505, 506, 507, 508, 511, 512, 513, 514, 515, 516, 517, 518, 519, 520, 521, 522, 523, 525, 535, 536, 537, 538, 541, 542, 543, 544, 545, 550, 553, 554, 555, 556, 557, 558, 559, 560, 561, 562, 563, 564, 565, 566, 567, 568, 569, 570, 573, 574, 575, 576, 577, 578, 579, 580, 581, 582, 583, 584, 586, 587, 588, 589, 591, 592, 593, 594, 595, 596, 598, 599, 600, 601, 602, 603, 604, 605, 607, 609, 610], "excluded_lines": [613, 614], "start_line": 1}}}, "scripts/autopilot_step_timer.py": {"executed_lines": [], "summary": {"covered_lines": 0, "num_statements": 85, "percent_covered": 0.0, "percent_covered_display": "0", "missing_lines": 85, "excluded_lines": 2, "percent_statements_covered": 0.0, "percent_statements_covered_display": "0"}, "missing_lines": [4, 6, 7, 8, 9, 10, 11, 14, 15, 18, 19, 22, 23, 24, 25, 28, 29, 30, 31, 34, 35, 36, 37, 40, 41, 42, 43, 44, 47, 48, 57, 58, 59, 60, 61, 62, 65, 66, 67, 68, 69, 70, 71, 82, 83, 84, 85, 88, 89, 90, 91, 92, 93, 94, 97, 102, 107, 108, 111, 112, 113, 114, 115, 116, 117, 118, 119, 120, 122, 123, 124, 125, 126, 127, 128, 129, 130, 131, 132, 134, 135, 136, 137, 138, 139], "excluded_lines": [142, 143], "functions": {"_utc_now_epoch_ms": {"executed_lines": [], "summary": {"covered_lines": 0, "num_statements": 1, "percent_covered": 0.0, "percent_covered_display": "0", "missing_lines": 1, "excluded_lines": 0, "percent_statements_covered": 0.0, "percent_statements_covered_display": "0"}, "missing_lines": [15], "excluded_lines": [], "start_line": 14}, "_utc_now_iso": {"executed_lines": [], "summary": {"covered_lines": 0, "num_statements": 1, "percent_covered": 0.0, "percent_covered_display": "0", "missing_lines": 1, "excluded_lines": 0, "percent_statements_covered": 0.0, "percent_statements_covered_display": "0"}, "missing_lines": [19], "excluded_lines": [], "start_line": 18}, "default_key": {"executed_lines": [], "summary": {"covered_lines": 0, "num_statements": 3, "percent_covered": 0.0, "percent_covered_display": "0", "missing_lines": 3, "excluded_lines": 0, "percent_statements_covered": 0.0, "percent_statements_covered_display": "0"}, "missing_lines": [23, 24, 25], "excluded_lines": [], "start_line": 22}, "timestamp_value": {"executed_lines": [], "summary": {"covered_lines": 0, "num_statements": 3, "percent_covered": 0.0, "percent_covered_display": "0", "missing_lines": 3, "excluded_lines": 0, "percent_statements_covered": 0.0, "percent_statements_covered_display": "0"}, "missing_lines": [29, 30, 31], "excluded_lines": [], "start_line": 28}, "append_env": {"executed_lines": [], "summary": {"covered_lines": 0, "num_statements": 3, "percent_covered": 0.0, "percent_covered_display": "0", "missing_lines": 3, "excluded_lines": 0, "percent_statements_covered": 0.0, "percent_statements_covered_display": "0"}, "missing_lines": [35, 36, 37], "excluded_lines": [], "start_line": 34}, "env_path": {"executed_lines": [], "summary": {"covered_lines": 0, "num_statements": 4, "percent_covered": 0.0, "percent_covered_display": "0", "missing_lines": 4, "excluded_lines": 0, "percent_statements_covered": 0.0, "percent_statements_covered_display": "0"}, "missing_lines": [41, 42, 43, 44], "excluded_lines": [], "start_line": 40}, "_summary_env_details": {"executed_lines": [], "summary": {"covered_lines": 0, "num_statements": 7, "percent_covered": 0.0, "percent_covered_display": "0", "missing_lines": 7, "excluded_lines": 0, "percent_statements_covered": 0.0, "percent_statements_covered_display": "0"}, "missing_lines": [48, 57, 58, 59, 60, 61, 62], "excluded_lines": [], "start_line": 47}, "_write_failure_summary": {"executed_lines": [], "summary": {"covered_lines": 0, "num_statements": 10, "percent_covered": 0.0, "percent_covered_display": "0", "missing_lines": 10, "excluded_lines": 0, "percent_statements_covered": 0.0, "percent_statements_covered_display": "0"}, "missing_lines": [66, 67, 68, 69, 70, 71, 82, 83, 84, 85], "excluded_lines": [], "start_line": 65}, "build_parser": {"executed_lines": [], "summary": {"covered_lines": 0, "num_statements": 10, "percent_covered": 0.0, "percent_covered_display": "0", "missing_lines": 10, "excluded_lines": 0, "percent_statements_covered": 0.0, "percent_statements_covered_display": "0"}, "missing_lines": [89, 90, 91, 92, 93, 94, 97, 102, 107, 108], "excluded_lines": [], "start_line": 88}, "main": {"executed_lines": [], "summary": {"covered_lines": 0, "num_statements": 26, "percent_covered": 0.0, "percent_covered_display": "0", "missing_lines": 26, "excluded_lines": 0, "percent_statements_covered": 0.0, "percent_statements_covered_display": "0"}, "missing_lines": [112, 113, 114, 115, 116, 117, 118, 119, 120, 122, 123, 124, 125, 126, 127, 128, 129, 130, 131, 132, 134, 135, 136, 137, 138, 139], "excluded_lines": [], "start_line": 111}, "": {"executed_lines": [], "summary": {"covered_lines": 0, "num_statements": 17, "percent_covered": 0.0, "percent_covered_display": "0", "missing_lines": 17, "excluded_lines": 2, "percent_statements_covered": 0.0, "percent_statements_covered_display": "0"}, "missing_lines": [4, 6, 7, 8, 9, 10, 11, 14, 18, 22, 28, 34, 40, 47, 65, 88, 111], "excluded_lines": [142, 143], "start_line": 1}}, "classes": {"": {"executed_lines": [], "summary": {"covered_lines": 0, "num_statements": 85, "percent_covered": 0.0, "percent_covered_display": "0", "missing_lines": 85, "excluded_lines": 2, "percent_statements_covered": 0.0, "percent_statements_covered_display": "0"}, "missing_lines": [4, 6, 7, 8, 9, 10, 11, 14, 15, 18, 19, 22, 23, 24, 25, 28, 29, 30, 31, 34, 35, 36, 37, 40, 41, 42, 43, 44, 47, 48, 57, 58, 59, 60, 61, 62, 65, 66, 67, 68, 69, 70, 71, 82, 83, 84, 85, 88, 89, 90, 91, 92, 93, 94, 97, 102, 107, 108, 111, 112, 113, 114, 115, 116, 117, 118, 119, 120, 122, 123, 124, 125, 126, 127, 128, 129, 130, 131, 132, 134, 135, 136, 137, 138, 139], "excluded_lines": [142, 143], "start_line": 1}}}, "scripts/build_html.py": {"executed_lines": [], "summary": {"covered_lines": 0, "num_statements": 21, "percent_covered": 0.0, "percent_covered_display": "0", "missing_lines": 21, "excluded_lines": 2, "percent_statements_covered": 0.0, "percent_statements_covered_display": "0"}, "missing_lines": [8, 9, 11, 13, 14, 15, 18, 19, 20, 24, 25, 26, 27, 28, 29, 30, 33, 34, 35, 36, 37], "excluded_lines": [40, 41], "functions": {"load_itins": {"executed_lines": [], "summary": {"covered_lines": 0, "num_statements": 2, "percent_covered": 0.0, "percent_covered_display": "0", "missing_lines": 2, "excluded_lines": 0, "percent_statements_covered": 0.0, "percent_statements_covered_display": "0"}, "missing_lines": [19, 20], "excluded_lines": [], "start_line": 18}, "render": {"executed_lines": [], "summary": {"covered_lines": 0, "num_statements": 6, "percent_covered": 0.0, "percent_covered_display": "0", "missing_lines": 6, "excluded_lines": 0, "percent_statements_covered": 0.0, "percent_statements_covered_display": "0"}, "missing_lines": [25, 26, 27, 28, 29, 30], "excluded_lines": [], "start_line": 24}, "main": {"executed_lines": [], "summary": {"covered_lines": 0, "num_statements": 4, "percent_covered": 0.0, "percent_covered_display": "0", "missing_lines": 4, "excluded_lines": 0, "percent_statements_covered": 0.0, "percent_statements_covered_display": "0"}, "missing_lines": [34, 35, 36, 37], "excluded_lines": [], "start_line": 33}, "": {"executed_lines": [], "summary": {"covered_lines": 0, "num_statements": 9, "percent_covered": 0.0, "percent_covered_display": "0", "missing_lines": 9, "excluded_lines": 2, "percent_statements_covered": 0.0, "percent_statements_covered_display": "0"}, "missing_lines": [8, 9, 11, 13, 14, 15, 18, 24, 33], "excluded_lines": [40, 41], "start_line": 1}}, "classes": {"": {"executed_lines": [], "summary": {"covered_lines": 0, "num_statements": 21, "percent_covered": 0.0, "percent_covered_display": "0", "missing_lines": 21, "excluded_lines": 2, "percent_statements_covered": 0.0, "percent_statements_covered_display": "0"}, "missing_lines": [8, 9, 11, 13, 14, 15, 18, 19, 20, 24, 25, 26, 27, 28, 29, 30, 33, 34, 35, 36, 37], "excluded_lines": [40, 41], "start_line": 1}}}, "scripts/calc_penalty.py": {"executed_lines": [6, 12, 13, 14, 15, 17], "summary": {"covered_lines": 6, "num_statements": 7, "percent_covered": 85.71428571428571, "percent_covered_display": "86", "missing_lines": 1, "excluded_lines": 0, "percent_statements_covered": 85.71428571428571, "percent_statements_covered_display": "86"}, "missing_lines": [16], "excluded_lines": [], "functions": {"calcPenalty": {"executed_lines": [12, 13, 14, 15, 17], "summary": {"covered_lines": 5, "num_statements": 6, "percent_covered": 83.33333333333333, "percent_covered_display": "83", "missing_lines": 1, "excluded_lines": 0, "percent_statements_covered": 83.33333333333333, "percent_statements_covered_display": "83"}, "missing_lines": [16], "excluded_lines": [], "start_line": 6}, "": {"executed_lines": [6], "summary": {"covered_lines": 1, "num_statements": 1, "percent_covered": 100.0, "percent_covered_display": "100", "missing_lines": 0, "excluded_lines": 0, "percent_statements_covered": 100.0, "percent_statements_covered_display": "100"}, "missing_lines": [], "excluded_lines": [], "start_line": 1}}, "classes": {"": {"executed_lines": [6, 12, 13, 14, 15, 17], "summary": {"covered_lines": 6, "num_statements": 7, "percent_covered": 85.71428571428571, "percent_covered_display": "86", "missing_lines": 1, "excluded_lines": 0, "percent_statements_covered": 85.71428571428571, "percent_statements_covered_display": "86"}, "missing_lines": [16], "excluded_lines": [], "start_line": 1}}}, "scripts/generate_itins.py": {"executed_lines": [], "summary": {"covered_lines": 0, "num_statements": 41, "percent_covered": 0.0, "percent_covered_display": "0", "missing_lines": 41, "excluded_lines": 2, "percent_statements_covered": 0.0, "percent_statements_covered_display": "0"}, "missing_lines": [6, 7, 8, 9, 11, 12, 14, 15, 18, 19, 20, 23, 25, 26, 28, 29, 30, 31, 33, 35, 36, 39, 40, 41, 44, 45, 51, 52, 55, 56, 57, 58, 60, 61, 63, 64, 65, 67, 68, 69, 70], "excluded_lines": [73, 74], "functions": {"load_request": {"executed_lines": [], "summary": {"covered_lines": 0, "num_statements": 2, "percent_covered": 0.0, "percent_covered_display": "0", "missing_lines": 2, "excluded_lines": 0, "percent_statements_covered": 0.0, "percent_statements_covered_display": "0"}, "missing_lines": [19, 20], "excluded_lines": [], "start_line": 18}, "load_segments": {"executed_lines": [], "summary": {"covered_lines": 0, "num_statements": 9, "percent_covered": 0.0, "percent_covered_display": "0", "missing_lines": 9, "excluded_lines": 0, "percent_statements_covered": 0.0, "percent_statements_covered_display": "0"}, "missing_lines": [25, 26, 28, 29, 30, 31, 33, 35, 36], "excluded_lines": [], "start_line": 23}, "load__oldsegments": {"executed_lines": [], "summary": {"covered_lines": 0, "num_statements": 2, "percent_covered": 0.0, "percent_covered_display": "0", "missing_lines": 2, "excluded_lines": 0, "percent_statements_covered": 0.0, "percent_statements_covered_display": "0"}, "missing_lines": [40, 41], "excluded_lines": [], "start_line": 39}, "score_segment": {"executed_lines": [], "summary": {"covered_lines": 0, "num_statements": 3, "percent_covered": 0.0, "percent_covered_display": "0", "missing_lines": 3, "excluded_lines": 0, "percent_statements_covered": 0.0, "percent_statements_covered_display": "0"}, "missing_lines": [45, 51, 52], "excluded_lines": [], "start_line": 44}, "main": {"executed_lines": [], "summary": {"covered_lines": 0, "num_statements": 12, "percent_covered": 0.0, "percent_covered_display": "0", "missing_lines": 12, "excluded_lines": 0, "percent_statements_covered": 0.0, "percent_statements_covered_display": "0"}, "missing_lines": [56, 57, 58, 60, 61, 63, 64, 65, 67, 68, 69, 70], "excluded_lines": [], "start_line": 55}, "": {"executed_lines": [], "summary": {"covered_lines": 0, "num_statements": 13, "percent_covered": 0.0, "percent_covered_display": "0", "missing_lines": 13, "excluded_lines": 2, "percent_statements_covered": 0.0, "percent_statements_covered_display": "0"}, "missing_lines": [6, 7, 8, 9, 11, 12, 14, 15, 18, 23, 39, 44, 55], "excluded_lines": [73, 74], "start_line": 1}}, "classes": {"": {"executed_lines": [], "summary": {"covered_lines": 0, "num_statements": 41, "percent_covered": 0.0, "percent_covered_display": "0", "missing_lines": 41, "excluded_lines": 2, "percent_statements_covered": 0.0, "percent_statements_covered_display": "0"}, "missing_lines": [6, 7, 8, 9, 11, 12, 14, 15, 18, 19, 20, 23, 25, 26, 28, 29, 30, 31, 33, 35, 36, 39, 40, 41, 44, 45, 51, 52, 55, 56, 57, 58, 60, 61, 63, 64, 65, 67, 68, 69, 70], "excluded_lines": [73, 74], "start_line": 1}}}, "scripts/generate_segments.py": {"executed_lines": [4, 5, 6, 7, 8, 9, 10, 12, 13, 14, 19, 44, 45, 48, 49, 53, 56, 57, 58, 61, 62, 63, 64, 65, 67, 74, 75, 76, 78, 80, 86, 87, 88, 89, 92, 93, 98, 99, 101, 102, 103, 104], "summary": {"covered_lines": 42, "num_statements": 50, "percent_covered": 84.0, "percent_covered_display": "84", "missing_lines": 8, "excluded_lines": 2, "percent_statements_covered": 84.0, "percent_statements_covered_display": "84"}, "missing_lines": [15, 16, 50, 59, 77, 90, 94, 95], "excluded_lines": [107, 108], "functions": {"slugify": {"executed_lines": [45], "summary": {"covered_lines": 1, "num_statements": 1, "percent_covered": 100.0, "percent_covered_display": "100", "missing_lines": 0, "excluded_lines": 0, "percent_statements_covered": 100.0, "percent_statements_covered_display": "100"}, "missing_lines": [], "excluded_lines": [], "start_line": 44}, "_require_openai": {"executed_lines": [49, 53], "summary": {"covered_lines": 2, "num_statements": 3, "percent_covered": 66.66666666666667, "percent_covered_display": "67", "missing_lines": 1, "excluded_lines": 0, "percent_statements_covered": 66.66666666666667, "percent_statements_covered_display": "67"}, "missing_lines": [50], "excluded_lines": [], "start_line": 48}, "main": {"executed_lines": [57, 58, 61, 62, 63, 64, 65, 67, 74, 75, 76, 78, 80, 86, 87, 88, 89, 92, 93, 98, 99, 101, 102, 103, 104], "summary": {"covered_lines": 25, "num_statements": 30, "percent_covered": 83.33333333333333, "percent_covered_display": "83", "missing_lines": 5, "excluded_lines": 0, "percent_statements_covered": 83.33333333333333, "percent_statements_covered_display": "83"}, "missing_lines": [59, 77, 90, 94, 95], "excluded_lines": [], "start_line": 56}, "": {"executed_lines": [4, 5, 6, 7, 8, 9, 10, 12, 13, 14, 19, 44, 48, 56], "summary": {"covered_lines": 14, "num_statements": 16, "percent_covered": 87.5, "percent_covered_display": "88", "missing_lines": 2, "excluded_lines": 2, "percent_statements_covered": 87.5, "percent_statements_covered_display": "88"}, "missing_lines": [15, 16], "excluded_lines": [107, 108], "start_line": 1}}, "classes": {"": {"executed_lines": [4, 5, 6, 7, 8, 9, 10, 12, 13, 14, 19, 44, 45, 48, 49, 53, 56, 57, 58, 61, 62, 63, 64, 65, 67, 74, 75, 76, 78, 80, 86, 87, 88, 89, 92, 93, 98, 99, 101, 102, 103, 104], "summary": {"covered_lines": 42, "num_statements": 50, "percent_covered": 84.0, "percent_covered_display": "84", "missing_lines": 8, "excluded_lines": 2, "percent_statements_covered": 84.0, "percent_statements_covered_display": "84"}, "missing_lines": [15, 16, 50, 59, 77, 90, 94, 95], "excluded_lines": [107, 108], "start_line": 1}}}, "scripts/langchain/pr_verifier.py": {"executed_lines": [11, 13, 14, 15, 16, 17, 18, 19, 20, 21, 22, 24, 25, 30, 33, 34, 37, 38, 39, 40, 43, 95, 142, 158, 188, 211, 213, 214, 221, 224, 225, 226, 227, 228, 229, 232, 233, 234, 235, 236, 237, 238, 239, 240, 241, 242, 243, 244, 245, 248, 249, 250, 251, 252, 253, 254, 257, 258, 259, 260, 274, 275, 276, 277, 281, 306, 318, 319, 320, 321, 322, 323, 325, 326, 336, 357, 366, 371, 372, 373, 374, 375, 377, 378, 384, 387, 392, 393, 400, 401, 407, 413, 414, 415, 420, 422, 425, 426, 427, 429, 430, 431, 432, 433, 434, 435, 436, 437, 438, 439, 440, 441, 443, 446, 448, 449, 451, 452, 453, 454, 455, 456, 457, 458, 459, 461, 464, 466, 469, 470, 472, 473, 474, 475, 476, 477, 478, 479, 480, 481, 483, 484, 485, 486, 488, 491, 493, 496, 497, 499, 500, 501, 502, 503, 504, 505, 506, 507, 508, 510, 513, 515, 516, 517, 518, 523, 528, 529, 530, 538, 539, 540, 550, 559, 560, 561, 563, 565, 566, 568, 569, 570, 579, 580, 581, 585, 594, 597, 598, 600, 601, 602, 603, 604, 605, 612, 664, 711, 724, 762, 767, 808, 823, 861, 869, 964, 981, 986, 993, 997, 1003, 1019, 1039, 1177, 1183], "summary": {"covered_lines": 215, "num_statements": 585, "percent_covered": 36.75213675213675, "percent_covered_display": "37", "missing_lines": 370, "excluded_lines": 28, "percent_statements_covered": 36.75213675213675, "percent_statements_covered_display": "37"}, "missing_lines": [262, 271, 278, 295, 296, 297, 298, 300, 301, 302, 303, 309, 310, 311, 312, 314, 315, 329, 337, 338, 349, 350, 351, 352, 353, 354, 367, 379, 380, 381, 382, 385, 402, 403, 404, 416, 417, 423, 467, 482, 494, 573, 574, 576, 599, 606, 607, 608, 609, 619, 620, 622, 623, 625, 630, 631, 634, 635, 636, 637, 638, 639, 641, 642, 643, 646, 654, 661, 678, 684, 685, 686, 687, 691, 694, 695, 696, 697, 699, 700, 701, 702, 703, 704, 705, 706, 708, 712, 713, 714, 731, 732, 733, 734, 735, 737, 738, 739, 740, 741, 742, 744, 746, 747, 748, 749, 751, 752, 753, 754, 755, 756, 757, 759, 764, 774, 775, 777, 778, 779, 780, 782, 783, 789, 790, 791, 793, 794, 795, 796, 797, 798, 799, 800, 802, 803, 804, 805, 811, 826, 832, 833, 834, 836, 837, 848, 849, 863, 865, 866, 888, 889, 890, 892, 893, 894, 895, 896, 897, 898, 956, 957, 958, 959, 960, 961, 967, 968, 969, 970, 971, 972, 973, 974, 975, 976, 977, 978, 982, 983, 987, 988, 989, 990, 994, 998, 999, 1000, 1004, 1005, 1006, 1007, 1008, 1009, 1010, 1011, 1012, 1013, 1014, 1015, 1016, 1020, 1021, 1022, 1023, 1024, 1025, 1026, 1028, 1029, 1030, 1031, 1032, 1033, 1034, 1035, 1036, 1040, 1041, 1042, 1043, 1045, 1046, 1047, 1049, 1051, 1052, 1053, 1054, 1055, 1056, 1057, 1058, 1059, 1060, 1063, 1064, 1065, 1066, 1067, 1068, 1069, 1070, 1071, 1072, 1073, 1074, 1075, 1076, 1077, 1078, 1079, 1080, 1081, 1082, 1083, 1084, 1085, 1086, 1087, 1088, 1089, 1091, 1092, 1093, 1094, 1095, 1096, 1098, 1099, 1100, 1101, 1102, 1103, 1104, 1105, 1106, 1111, 1112, 1114, 1115, 1117, 1118, 1120, 1121, 1122, 1123, 1125, 1126, 1129, 1130, 1131, 1132, 1133, 1134, 1135, 1136, 1138, 1139, 1140, 1141, 1142, 1143, 1144, 1146, 1147, 1149, 1150, 1151, 1152, 1153, 1154, 1155, 1156, 1157, 1158, 1159, 1160, 1163, 1168, 1169, 1170, 1171, 1172, 1174, 1178, 1179, 1180, 1184, 1185, 1186, 1187, 1188, 1192, 1200, 1204, 1209, 1215, 1220, 1221, 1223, 1224, 1225, 1226, 1227, 1228, 1229, 1230, 1231, 1235, 1237, 1238, 1240, 1241, 1244, 1245, 1250, 1254, 1255, 1256, 1259, 1260, 1261, 1262, 1264, 1266, 1267, 1269, 1270, 1272], "excluded_lines": [344, 345, 905, 907, 908, 909, 910, 911, 912, 913, 920, 921, 925, 926, 940, 941, 942, 943, 944, 945, 946, 950, 951, 952, 953, 954, 1275, 1276], "functions": {"InvokableClient.invoke": {"executed_lines": [34], "summary": {"covered_lines": 1, "num_statements": 1, "percent_covered": 100.0, "percent_covered_display": "100", "missing_lines": 0, "excluded_lines": 0, "percent_statements_covered": 100.0, "percent_statements_covered_display": "100"}, "missing_lines": [], "excluded_lines": [], "start_line": 34}, "_ensure_prompt_rubric": {"executed_lines": [258, 259, 260], "summary": {"covered_lines": 3, "num_statements": 5, "percent_covered": 60.0, "percent_covered_display": "60", "missing_lines": 2, "excluded_lines": 0, "percent_statements_covered": 60.0, "percent_statements_covered_display": "60"}, "missing_lines": [262, 271], "excluded_lines": [], "start_line": 257}, "_load_prompt": {"executed_lines": [275, 276, 277], "summary": {"covered_lines": 3, "num_statements": 4, "percent_covered": 75.0, "percent_covered_display": "75", "missing_lines": 1, "excluded_lines": 0, "percent_statements_covered": 75.0, "percent_statements_covered_display": "75"}, "missing_lines": [278], "excluded_lines": [], "start_line": 274}, "_get_llm_client": {"executed_lines": [], "summary": {"covered_lines": 0, "num_statements": 8, "percent_covered": 0.0, "percent_covered_display": "0", "missing_lines": 8, "excluded_lines": 0, "percent_statements_covered": 0.0, "percent_statements_covered_display": "0"}, "missing_lines": [295, 296, 297, 298, 300, 301, 302, 303], "excluded_lines": [], "start_line": 281}, "_get_llm_clients": {"executed_lines": [], "summary": {"covered_lines": 0, "num_statements": 6, "percent_covered": 0.0, "percent_covered_display": "0", "missing_lines": 6, "excluded_lines": 0, "percent_statements_covered": 0.0, "percent_statements_covered_display": "0"}, "missing_lines": [309, 310, 311, 312, 314, 315], "excluded_lines": [], "start_line": 306}, "ComparisonRunner.from_environment": {"executed_lines": [], "summary": {"covered_lines": 0, "num_statements": 1, "percent_covered": 0.0, "percent_covered_display": "0", "missing_lines": 1, "excluded_lines": 0, "percent_statements_covered": 0.0, "percent_statements_covered_display": "0"}, "missing_lines": [329], "excluded_lines": [], "start_line": 326}, "ComparisonRunner.run_single": {"executed_lines": [], "summary": {"covered_lines": 0, "num_statements": 8, "percent_covered": 0.0, "percent_covered_display": "0", "missing_lines": 8, "excluded_lines": 2, "percent_statements_covered": 0.0, "percent_statements_covered_display": "0"}, "missing_lines": [337, 338, 349, 350, 351, 352, 353, 354], "excluded_lines": [344, 345], "start_line": 336}, "_classify_change_type": {"executed_lines": [366, 371, 372, 373, 374, 375, 377, 378, 384, 387, 392, 393, 400, 401], "summary": {"covered_lines": 14, "num_statements": 23, "percent_covered": 60.869565217391305, "percent_covered_display": "61", "missing_lines": 9, "excluded_lines": 0, "percent_statements_covered": 60.869565217391305, "percent_statements_covered_display": "61"}, "missing_lines": [367, 379, 380, 381, 382, 385, 402, 403, 404], "excluded_lines": [], "start_line": 357}, "_get_chain_depth": {"executed_lines": [413, 414, 415], "summary": {"covered_lines": 3, "num_statements": 5, "percent_covered": 60.0, "percent_covered_display": "60", "missing_lines": 2, "excluded_lines": 0, "percent_statements_covered": 60.0, "percent_statements_covered_display": "60"}, "missing_lines": [416, 417], "excluded_lines": [], "start_line": 407}, "_extract_related_pr_numbers": {"executed_lines": [422, 425, 426, 427, 429, 430, 431, 432, 433, 434, 435, 436, 437, 438, 439, 440, 441, 443], "summary": {"covered_lines": 18, "num_statements": 19, "percent_covered": 94.73684210526316, "percent_covered_display": "95", "missing_lines": 1, "excluded_lines": 0, "percent_statements_covered": 94.73684210526316, "percent_statements_covered_display": "95"}, "missing_lines": [423], "excluded_lines": [], "start_line": 420}, "_has_local_pr_body_reference_evidence": {"executed_lines": [448, 449, 451, 452, 453, 454, 455, 456, 457, 458, 459, 461], "summary": {"covered_lines": 12, "num_statements": 12, "percent_covered": 100.0, "percent_covered_display": "100", "missing_lines": 0, "excluded_lines": 0, "percent_statements_covered": 100.0, "percent_statements_covered_display": "100"}, "missing_lines": [], "excluded_lines": [], "start_line": 446}, "_extract_followup_pr_description_evidence": {"executed_lines": [466, 469, 470, 472, 473, 474, 475, 476, 477, 478, 479, 480, 481, 483, 484, 485, 486, 488], "summary": {"covered_lines": 18, "num_statements": 20, "percent_covered": 90.0, "percent_covered_display": "90", "missing_lines": 2, "excluded_lines": 0, "percent_statements_covered": 90.0, "percent_statements_covered_display": "90"}, "missing_lines": [467, 482], "excluded_lines": [], "start_line": 464}, "_extract_followup_pr_links": {"executed_lines": [493, 496, 497, 499, 500, 501, 502, 503, 504, 505, 506, 507, 508, 510], "summary": {"covered_lines": 14, "num_statements": 15, "percent_covered": 93.33333333333333, "percent_covered_display": "93", "missing_lines": 1, "excluded_lines": 0, "percent_statements_covered": 93.33333333333333, "percent_statements_covered_display": "93"}, "missing_lines": [494], "excluded_lines": [], "start_line": 491}, "_followup_reference_summary": {"executed_lines": [515, 516, 517, 518, 523, 528, 529, 530, 538, 539, 540, 550], "summary": {"covered_lines": 12, "num_statements": 12, "percent_covered": 100.0, "percent_covered_display": "100", "missing_lines": 0, "excluded_lines": 0, "percent_statements_covered": 100.0, "percent_statements_covered_display": "100"}, "missing_lines": [], "excluded_lines": [], "start_line": 513}, "_prepare_prompt": {"executed_lines": [560, 561, 563, 565, 566, 568, 569, 570, 579, 580, 581, 585, 594], "summary": {"covered_lines": 13, "num_statements": 16, "percent_covered": 81.25, "percent_covered_display": "81", "missing_lines": 3, "excluded_lines": 0, "percent_statements_covered": 81.25, "percent_statements_covered_display": "81"}, "missing_lines": [573, 574, 576], "excluded_lines": [], "start_line": 559}, "_extract_pr_metadata": {"executed_lines": [598, 600, 601, 602, 603, 604, 605], "summary": {"covered_lines": 7, "num_statements": 12, "percent_covered": 58.333333333333336, "percent_covered_display": "58", "missing_lines": 5, "excluded_lines": 0, "percent_statements_covered": 58.333333333333336, "percent_statements_covered_display": "58"}, "missing_lines": [599, 606, 607, 608, 609], "excluded_lines": [], "start_line": 597}, "_build_llm_config": {"executed_lines": [], "summary": {"covered_lines": 0, "num_statements": 19, "percent_covered": 0.0, "percent_covered_display": "0", "missing_lines": 19, "excluded_lines": 0, "percent_statements_covered": 0.0, "percent_statements_covered_display": "0"}, "missing_lines": [619, 620, 622, 623, 625, 630, 631, 634, 635, 636, 637, 638, 639, 641, 642, 643, 646, 654, 661], "excluded_lines": [], "start_line": 612}, "_invoke_llm": {"executed_lines": [], "summary": {"covered_lines": 0, "num_statements": 19, "percent_covered": 0.0, "percent_covered_display": "0", "missing_lines": 19, "excluded_lines": 0, "percent_statements_covered": 0.0, "percent_statements_covered_display": "0"}, "missing_lines": [678, 684, 685, 686, 687, 691, 694, 695, 696, 697, 699, 700, 701, 702, 703, 704, 705, 706, 708], "excluded_lines": [], "start_line": 664}, "_format_scores": {"executed_lines": [], "summary": {"covered_lines": 0, "num_statements": 3, "percent_covered": 0.0, "percent_covered_display": "0", "missing_lines": 3, "excluded_lines": 0, "percent_statements_covered": 0.0, "percent_statements_covered_display": "0"}, "missing_lines": [712, 713, 714], "excluded_lines": [], "start_line": 711}, "_format_followup_issue_body": {"executed_lines": [], "summary": {"covered_lines": 0, "num_statements": 24, "percent_covered": 0.0, "percent_covered_display": "0", "missing_lines": 24, "excluded_lines": 0, "percent_statements_covered": 0.0, "percent_statements_covered_display": "0"}, "missing_lines": [731, 732, 733, 734, 735, 737, 738, 739, 740, 741, 742, 744, 746, 747, 748, 749, 751, 752, 753, 754, 755, 756, 757, 759], "excluded_lines": [], "start_line": 724}, "_should_create_issue": {"executed_lines": [], "summary": {"covered_lines": 0, "num_statements": 1, "percent_covered": 0.0, "percent_covered_display": "0", "missing_lines": 1, "excluded_lines": 0, "percent_statements_covered": 0.0, "percent_statements_covered_display": "0"}, "missing_lines": [764], "excluded_lines": [], "start_line": 762}, "_create_followup_issue": {"executed_lines": [], "summary": {"covered_lines": 0, "num_statements": 23, "percent_covered": 0.0, "percent_covered_display": "0", "missing_lines": 23, "excluded_lines": 0, "percent_statements_covered": 0.0, "percent_statements_covered_display": "0"}, "missing_lines": [774, 775, 777, 778, 779, 780, 782, 783, 789, 790, 791, 793, 794, 795, 796, 797, 798, 799, 800, 802, 803, 804, 805], "excluded_lines": [], "start_line": 767}, "_fallback_evaluation": {"executed_lines": [], "summary": {"covered_lines": 0, "num_statements": 1, "percent_covered": 0.0, "percent_covered_display": "0", "missing_lines": 1, "excluded_lines": 0, "percent_statements_covered": 0.0, "percent_statements_covered_display": "0"}, "missing_lines": [811], "excluded_lines": [], "start_line": 808}, "_parse_llm_response": {"executed_lines": [], "summary": {"covered_lines": 0, "num_statements": 8, "percent_covered": 0.0, "percent_covered_display": "0", "missing_lines": 8, "excluded_lines": 0, "percent_statements_covered": 0.0, "percent_statements_covered_display": "0"}, "missing_lines": [826, 832, 833, 834, 836, 837, 848, 849], "excluded_lines": [], "start_line": 823}, "_is_auth_error": {"executed_lines": [], "summary": {"covered_lines": 0, "num_statements": 3, "percent_covered": 0.0, "percent_covered_display": "0", "missing_lines": 3, "excluded_lines": 0, "percent_statements_covered": 0.0, "percent_statements_covered_display": "0"}, "missing_lines": [863, 865, 866], "excluded_lines": [], "start_line": 861}, "evaluate_pr": {"executed_lines": [], "summary": {"covered_lines": 0, "num_statements": 16, "percent_covered": 0.0, "percent_covered_display": "0", "missing_lines": 16, "excluded_lines": 24, "percent_statements_covered": 0.0, "percent_statements_covered_display": "0"}, "missing_lines": [888, 889, 890, 892, 893, 894, 895, 896, 897, 898, 956, 957, 958, 959, 960, 961], "excluded_lines": [905, 907, 908, 909, 910, 911, 912, 913, 920, 921, 925, 926, 940, 941, 942, 943, 944, 945, 946, 950, 951, 952, 953, 954], "start_line": 869}, "evaluate_pr_multiple": {"executed_lines": [], "summary": {"covered_lines": 0, "num_statements": 12, "percent_covered": 0.0, "percent_covered_display": "0", "missing_lines": 12, "excluded_lines": 0, "percent_statements_covered": 0.0, "percent_statements_covered_display": "0"}, "missing_lines": [967, 968, 969, 970, 971, 972, 973, 974, 975, 976, 977, 978], "excluded_lines": [], "start_line": 964}, "_normalize_text": {"executed_lines": [], "summary": {"covered_lines": 0, "num_statements": 2, "percent_covered": 0.0, "percent_covered_display": "0", "missing_lines": 2, "excluded_lines": 0, "percent_statements_covered": 0.0, "percent_statements_covered_display": "0"}, "missing_lines": [982, 983], "excluded_lines": [], "start_line": 981}, "_compact_text": {"executed_lines": [], "summary": {"covered_lines": 0, "num_statements": 4, "percent_covered": 0.0, "percent_covered_display": "0", "missing_lines": 4, "excluded_lines": 0, "percent_statements_covered": 0.0, "percent_statements_covered_display": "0"}, "missing_lines": [987, 988, 989, 990], "excluded_lines": [], "start_line": 986}, "_provider_label": {"executed_lines": [], "summary": {"covered_lines": 0, "num_statements": 1, "percent_covered": 0.0, "percent_covered_display": "0", "missing_lines": 1, "excluded_lines": 0, "percent_statements_covered": 0.0, "percent_statements_covered_display": "0"}, "missing_lines": [994], "excluded_lines": [], "start_line": 993}, "_format_confidence": {"executed_lines": [], "summary": {"covered_lines": 0, "num_statements": 3, "percent_covered": 0.0, "percent_covered_display": "0", "missing_lines": 3, "excluded_lines": 0, "percent_statements_covered": 0.0, "percent_statements_covered_display": "0"}, "missing_lines": [998, 999, 1000], "excluded_lines": [], "start_line": 997}, "_shared_concerns": {"executed_lines": [], "summary": {"covered_lines": 0, "num_statements": 13, "percent_covered": 0.0, "percent_covered_display": "0", "missing_lines": 13, "excluded_lines": 0, "percent_statements_covered": 0.0, "percent_statements_covered_display": "0"}, "missing_lines": [1004, 1005, 1006, 1007, 1008, 1009, 1010, 1011, 1012, 1013, 1014, 1015, 1016], "excluded_lines": [], "start_line": 1003}, "_unique_concerns": {"executed_lines": [], "summary": {"covered_lines": 0, "num_statements": 16, "percent_covered": 0.0, "percent_covered_display": "0", "missing_lines": 16, "excluded_lines": 0, "percent_statements_covered": 0.0, "percent_statements_covered_display": "0"}, "missing_lines": [1020, 1021, 1022, 1023, 1024, 1025, 1026, 1028, 1029, 1030, 1031, 1032, 1033, 1034, 1035, 1036], "excluded_lines": [], "start_line": 1019}, "format_comparison_report": {"executed_lines": [], "summary": {"covered_lines": 0, "num_statements": 108, "percent_covered": 0.0, "percent_covered_display": "0", "missing_lines": 108, "excluded_lines": 0, "percent_statements_covered": 0.0, "percent_statements_covered_display": "0"}, "missing_lines": [1040, 1041, 1042, 1043, 1045, 1046, 1047, 1049, 1051, 1052, 1053, 1054, 1055, 1056, 1057, 1058, 1059, 1060, 1063, 1064, 1065, 1066, 1067, 1068, 1069, 1070, 1071, 1072, 1073, 1074, 1075, 1076, 1077, 1078, 1079, 1080, 1081, 1082, 1083, 1084, 1085, 1086, 1087, 1088, 1089, 1091, 1092, 1093, 1094, 1095, 1096, 1098, 1099, 1100, 1101, 1102, 1103, 1104, 1105, 1106, 1111, 1112, 1114, 1115, 1117, 1118, 1120, 1121, 1122, 1123, 1125, 1126, 1129, 1130, 1131, 1132, 1133, 1134, 1135, 1136, 1138, 1139, 1140, 1141, 1142, 1143, 1144, 1146, 1147, 1149, 1150, 1151, 1152, 1153, 1154, 1155, 1156, 1157, 1158, 1159, 1160, 1163, 1168, 1169, 1170, 1171, 1172, 1174], "excluded_lines": [], "start_line": 1039}, "_load_text": {"executed_lines": [], "summary": {"covered_lines": 0, "num_statements": 3, "percent_covered": 0.0, "percent_covered_display": "0", "missing_lines": 3, "excluded_lines": 0, "percent_statements_covered": 0.0, "percent_statements_covered_display": "0"}, "missing_lines": [1178, 1179, 1180], "excluded_lines": [], "start_line": 1177}, "main": {"executed_lines": [], "summary": {"covered_lines": 0, "num_statements": 42, "percent_covered": 0.0, "percent_covered_display": "0", "missing_lines": 42, "excluded_lines": 0, "percent_statements_covered": 0.0, "percent_statements_covered_display": "0"}, "missing_lines": [1184, 1185, 1186, 1187, 1188, 1192, 1200, 1204, 1209, 1215, 1220, 1221, 1223, 1224, 1225, 1226, 1227, 1228, 1229, 1230, 1231, 1235, 1237, 1238, 1240, 1241, 1244, 1245, 1250, 1254, 1255, 1256, 1259, 1260, 1261, 1262, 1264, 1266, 1267, 1269, 1270, 1272], "excluded_lines": [], "start_line": 1183}, "": {"executed_lines": [11, 13, 14, 15, 16, 17, 18, 19, 20, 21, 22, 24, 25, 30, 33, 37, 38, 39, 40, 43, 95, 142, 158, 188, 211, 213, 214, 221, 224, 225, 226, 227, 228, 229, 232, 233, 234, 235, 236, 237, 238, 239, 240, 241, 242, 243, 244, 245, 248, 249, 250, 251, 252, 253, 254, 257, 274, 281, 306, 318, 319, 320, 321, 322, 323, 325, 326, 336, 357, 407, 420, 446, 464, 491, 513, 559, 597, 612, 664, 711, 724, 762, 767, 808, 823, 861, 869, 964, 981, 986, 993, 997, 1003, 1019, 1039, 1177, 1183], "summary": {"covered_lines": 97, "num_statements": 97, "percent_covered": 100.0, "percent_covered_display": "100", "missing_lines": 0, "excluded_lines": 2, "percent_statements_covered": 100.0, "percent_statements_covered_display": "100"}, "missing_lines": [], "excluded_lines": [1275, 1276], "start_line": 1}}, "classes": {"InvokableClient": {"executed_lines": [34], "summary": {"covered_lines": 1, "num_statements": 1, "percent_covered": 100.0, "percent_covered_display": "100", "missing_lines": 0, "excluded_lines": 0, "percent_statements_covered": 100.0, "percent_statements_covered_display": "100"}, "missing_lines": [], "excluded_lines": [], "start_line": 33}, "SharedConcernEntry": {"executed_lines": [], "summary": {"covered_lines": 0, "num_statements": 0, "percent_covered": 100.0, "percent_covered_display": "100", "missing_lines": 0, "excluded_lines": 0, "percent_statements_covered": 100.0, "percent_statements_covered_display": "100"}, "missing_lines": [], "excluded_lines": [], "start_line": 38}, "EvaluationScores": {"executed_lines": [], "summary": {"covered_lines": 0, "num_statements": 0, "percent_covered": 100.0, "percent_covered_display": "100", "missing_lines": 0, "excluded_lines": 0, "percent_statements_covered": 100.0, "percent_statements_covered_display": "100"}, "missing_lines": [], "excluded_lines": [], "start_line": 224}, "EvaluationResult": {"executed_lines": [], "summary": {"covered_lines": 0, "num_statements": 0, "percent_covered": 100.0, "percent_covered_display": "100", "missing_lines": 0, "excluded_lines": 0, "percent_statements_covered": 100.0, "percent_statements_covered_display": "100"}, "missing_lines": [], "excluded_lines": [], "start_line": 232}, "EvaluationPayload": {"executed_lines": [], "summary": {"covered_lines": 0, "num_statements": 0, "percent_covered": 100.0, "percent_covered_display": "100", "missing_lines": 0, "excluded_lines": 0, "percent_statements_covered": 100.0, "percent_statements_covered_display": "100"}, "missing_lines": [], "excluded_lines": [], "start_line": 248}, "ComparisonRunner": {"executed_lines": [], "summary": {"covered_lines": 0, "num_statements": 9, "percent_covered": 0.0, "percent_covered_display": "0", "missing_lines": 9, "excluded_lines": 2, "percent_statements_covered": 0.0, "percent_statements_covered_display": "0"}, "missing_lines": [329, 337, 338, 349, 350, 351, 352, 353, 354], "excluded_lines": [344, 345], "start_line": 319}, "": {"executed_lines": [11, 13, 14, 15, 16, 17, 18, 19, 20, 21, 22, 24, 25, 30, 33, 37, 38, 39, 40, 43, 95, 142, 158, 188, 211, 213, 214, 221, 224, 225, 226, 227, 228, 229, 232, 233, 234, 235, 236, 237, 238, 239, 240, 241, 242, 243, 244, 245, 248, 249, 250, 251, 252, 253, 254, 257, 258, 259, 260, 274, 275, 276, 277, 281, 306, 318, 319, 320, 321, 322, 323, 325, 326, 336, 357, 366, 371, 372, 373, 374, 375, 377, 378, 384, 387, 392, 393, 400, 401, 407, 413, 414, 415, 420, 422, 425, 426, 427, 429, 430, 431, 432, 433, 434, 435, 436, 437, 438, 439, 440, 441, 443, 446, 448, 449, 451, 452, 453, 454, 455, 456, 457, 458, 459, 461, 464, 466, 469, 470, 472, 473, 474, 475, 476, 477, 478, 479, 480, 481, 483, 484, 485, 486, 488, 491, 493, 496, 497, 499, 500, 501, 502, 503, 504, 505, 506, 507, 508, 510, 513, 515, 516, 517, 518, 523, 528, 529, 530, 538, 539, 540, 550, 559, 560, 561, 563, 565, 566, 568, 569, 570, 579, 580, 581, 585, 594, 597, 598, 600, 601, 602, 603, 604, 605, 612, 664, 711, 724, 762, 767, 808, 823, 861, 869, 964, 981, 986, 993, 997, 1003, 1019, 1039, 1177, 1183], "summary": {"covered_lines": 214, "num_statements": 575, "percent_covered": 37.21739130434783, "percent_covered_display": "37", "missing_lines": 361, "excluded_lines": 26, "percent_statements_covered": 37.21739130434783, "percent_statements_covered_display": "37"}, "missing_lines": [262, 271, 278, 295, 296, 297, 298, 300, 301, 302, 303, 309, 310, 311, 312, 314, 315, 367, 379, 380, 381, 382, 385, 402, 403, 404, 416, 417, 423, 467, 482, 494, 573, 574, 576, 599, 606, 607, 608, 609, 619, 620, 622, 623, 625, 630, 631, 634, 635, 636, 637, 638, 639, 641, 642, 643, 646, 654, 661, 678, 684, 685, 686, 687, 691, 694, 695, 696, 697, 699, 700, 701, 702, 703, 704, 705, 706, 708, 712, 713, 714, 731, 732, 733, 734, 735, 737, 738, 739, 740, 741, 742, 744, 746, 747, 748, 749, 751, 752, 753, 754, 755, 756, 757, 759, 764, 774, 775, 777, 778, 779, 780, 782, 783, 789, 790, 791, 793, 794, 795, 796, 797, 798, 799, 800, 802, 803, 804, 805, 811, 826, 832, 833, 834, 836, 837, 848, 849, 863, 865, 866, 888, 889, 890, 892, 893, 894, 895, 896, 897, 898, 956, 957, 958, 959, 960, 961, 967, 968, 969, 970, 971, 972, 973, 974, 975, 976, 977, 978, 982, 983, 987, 988, 989, 990, 994, 998, 999, 1000, 1004, 1005, 1006, 1007, 1008, 1009, 1010, 1011, 1012, 1013, 1014, 1015, 1016, 1020, 1021, 1022, 1023, 1024, 1025, 1026, 1028, 1029, 1030, 1031, 1032, 1033, 1034, 1035, 1036, 1040, 1041, 1042, 1043, 1045, 1046, 1047, 1049, 1051, 1052, 1053, 1054, 1055, 1056, 1057, 1058, 1059, 1060, 1063, 1064, 1065, 1066, 1067, 1068, 1069, 1070, 1071, 1072, 1073, 1074, 1075, 1076, 1077, 1078, 1079, 1080, 1081, 1082, 1083, 1084, 1085, 1086, 1087, 1088, 1089, 1091, 1092, 1093, 1094, 1095, 1096, 1098, 1099, 1100, 1101, 1102, 1103, 1104, 1105, 1106, 1111, 1112, 1114, 1115, 1117, 1118, 1120, 1121, 1122, 1123, 1125, 1126, 1129, 1130, 1131, 1132, 1133, 1134, 1135, 1136, 1138, 1139, 1140, 1141, 1142, 1143, 1144, 1146, 1147, 1149, 1150, 1151, 1152, 1153, 1154, 1155, 1156, 1157, 1158, 1159, 1160, 1163, 1168, 1169, 1170, 1171, 1172, 1174, 1178, 1179, 1180, 1184, 1185, 1186, 1187, 1188, 1192, 1200, 1204, 1209, 1215, 1220, 1221, 1223, 1224, 1225, 1226, 1227, 1228, 1229, 1230, 1231, 1235, 1237, 1238, 1240, 1241, 1244, 1245, 1250, 1254, 1255, 1256, 1259, 1260, 1261, 1262, 1264, 1266, 1267, 1269, 1270, 1272], "excluded_lines": [905, 907, 908, 909, 910, 911, 912, 913, 920, 921, 925, 926, 940, 941, 942, 943, 944, 945, 946, 950, 951, 952, 953, 954, 1275, 1276], "start_line": 1}}}, "scripts/langchain/structured_output.py": {"executed_lines": [1, 3, 4, 5, 6, 8, 10, 13, 29, 30, 33, 34, 35, 36, 37, 38, 39, 42, 46, 50, 58, 72, 91, 98, 157, 174], "summary": {"covered_lines": 26, "num_statements": 66, "percent_covered": 39.39393939393939, "percent_covered_display": "39", "missing_lines": 40, "excluded_lines": 0, "percent_statements_covered": 39.39393939393939, "percent_statements_covered_display": "39"}, "missing_lines": [43, 47, 51, 65, 75, 76, 77, 83, 84, 85, 86, 88, 92, 106, 107, 114, 115, 116, 123, 124, 125, 132, 133, 134, 135, 139, 140, 148, 165, 181, 182, 183, 190, 191, 192, 193, 197, 198, 199, 207], "excluded_lines": [], "functions": {"schema_json": {"executed_lines": [], "summary": {"covered_lines": 0, "num_statements": 1, "percent_covered": 0.0, "percent_covered_display": "0", "missing_lines": 1, "excluded_lines": 0, "percent_statements_covered": 0.0, "percent_statements_covered_display": "0"}, "missing_lines": [43], "excluded_lines": [], "start_line": 42}, "format_validation_errors": {"executed_lines": [], "summary": {"covered_lines": 0, "num_statements": 1, "percent_covered": 0.0, "percent_covered_display": "0", "missing_lines": 1, "excluded_lines": 0, "percent_statements_covered": 0.0, "percent_statements_covered_display": "0"}, "missing_lines": [47], "excluded_lines": [], "start_line": 46}, "format_non_validation_error": {"executed_lines": [], "summary": {"covered_lines": 0, "num_statements": 1, "percent_covered": 0.0, "percent_covered_display": "0", "missing_lines": 1, "excluded_lines": 0, "percent_statements_covered": 0.0, "percent_statements_covered_display": "0"}, "missing_lines": [51], "excluded_lines": [], "start_line": 50}, "build_repair_prompt": {"executed_lines": [], "summary": {"covered_lines": 0, "num_statements": 1, "percent_covered": 0.0, "percent_covered_display": "0", "missing_lines": 1, "excluded_lines": 0, "percent_statements_covered": 0.0, "percent_statements_covered_display": "0"}, "missing_lines": [65], "excluded_lines": [], "start_line": 58}, "build_repair_callback": {"executed_lines": [], "summary": {"covered_lines": 0, "num_statements": 2, "percent_covered": 0.0, "percent_covered_display": "0", "missing_lines": 2, "excluded_lines": 0, "percent_statements_covered": 0.0, "percent_statements_covered_display": "0"}, "missing_lines": [75, 88], "excluded_lines": [], "start_line": 72}, "build_repair_callback._repair": {"executed_lines": [], "summary": {"covered_lines": 0, "num_statements": 6, "percent_covered": 0.0, "percent_covered_display": "0", "missing_lines": 6, "excluded_lines": 0, "percent_statements_covered": 0.0, "percent_statements_covered_display": "0"}, "missing_lines": [76, 77, 83, 84, 85, 86], "excluded_lines": [], "start_line": 75}, "clamp_repair_attempts": {"executed_lines": [], "summary": {"covered_lines": 0, "num_statements": 1, "percent_covered": 0.0, "percent_covered_display": "0", "missing_lines": 1, "excluded_lines": 0, "percent_statements_covered": 0.0, "percent_statements_covered_display": "0"}, "missing_lines": [92], "excluded_lines": [], "start_line": 91}, "_invoke_repair_loop": {"executed_lines": [], "summary": {"covered_lines": 0, "num_statements": 15, "percent_covered": 0.0, "percent_covered_display": "0", "missing_lines": 15, "excluded_lines": 0, "percent_statements_covered": 0.0, "percent_statements_covered_display": "0"}, "missing_lines": [106, 107, 114, 115, 116, 123, 124, 125, 132, 133, 134, 135, 139, 140, 148], "excluded_lines": [], "start_line": 98}, "invoke_repair_loop": {"executed_lines": [], "summary": {"covered_lines": 0, "num_statements": 1, "percent_covered": 0.0, "percent_covered_display": "0", "missing_lines": 1, "excluded_lines": 0, "percent_statements_covered": 0.0, "percent_statements_covered_display": "0"}, "missing_lines": [165], "excluded_lines": [], "start_line": 157}, "parse_structured_output": {"executed_lines": [], "summary": {"covered_lines": 0, "num_statements": 11, "percent_covered": 0.0, "percent_covered_display": "0", "missing_lines": 11, "excluded_lines": 0, "percent_statements_covered": 0.0, "percent_statements_covered_display": "0"}, "missing_lines": [181, 182, 183, 190, 191, 192, 193, 197, 198, 199, 207], "excluded_lines": [], "start_line": 174}, "": {"executed_lines": [1, 3, 4, 5, 6, 8, 10, 13, 29, 30, 33, 34, 35, 36, 37, 38, 39, 42, 46, 50, 58, 72, 91, 98, 157, 174], "summary": {"covered_lines": 26, "num_statements": 26, "percent_covered": 100.0, "percent_covered_display": "100", "missing_lines": 0, "excluded_lines": 0, "percent_statements_covered": 100.0, "percent_statements_covered_display": "100"}, "missing_lines": [], "excluded_lines": [], "start_line": 1}}, "classes": {"StructuredOutputResult": {"executed_lines": [], "summary": {"covered_lines": 0, "num_statements": 0, "percent_covered": 100.0, "percent_covered_display": "100", "missing_lines": 0, "excluded_lines": 0, "percent_statements_covered": 100.0, "percent_statements_covered_display": "100"}, "missing_lines": [], "excluded_lines": [], "start_line": 34}, "": {"executed_lines": [1, 3, 4, 5, 6, 8, 10, 13, 29, 30, 33, 34, 35, 36, 37, 38, 39, 42, 46, 50, 58, 72, 91, 98, 157, 174], "summary": {"covered_lines": 26, "num_statements": 66, "percent_covered": 39.39393939393939, "percent_covered_display": "39", "missing_lines": 40, "excluded_lines": 0, "percent_statements_covered": 39.39393939393939, "percent_statements_covered_display": "39"}, "missing_lines": [43, 47, 51, 65, 75, 76, 77, 83, 84, 85, 86, 88, 92, 106, 107, 114, 115, 116, 123, 124, 125, 132, 133, 134, 135, 139, 140, 148, 165, 181, 182, 183, 190, 191, 192, 193, 197, 198, 199, 207], "excluded_lines": [], "start_line": 1}}}, "scripts/validate_dependency_test_setup.py": {"executed_lines": [12, 13, 14, 15, 16, 19, 22, 23, 24, 25, 26, 27, 31, 33, 35, 36, 37, 40, 44, 45, 46, 50, 51, 53, 54, 55, 56, 58, 59, 61, 62, 63, 64, 65, 66, 69, 72, 74, 77, 79, 80, 82, 83, 84, 87, 94, 95, 96, 97, 98, 99, 100, 101, 102, 104, 105, 106, 107, 111, 114, 152, 181], "summary": {"covered_lines": 62, "num_statements": 136, "percent_covered": 45.588235294117645, "percent_covered_display": "46", "missing_lines": 74, "excluded_lines": 2, "percent_statements_covered": 45.588235294117645, "percent_statements_covered_display": "46"}, "missing_lines": [28, 38, 39, 41, 42, 47, 48, 57, 67, 70, 92, 109, 116, 119, 120, 121, 124, 125, 127, 130, 131, 132, 134, 135, 137, 140, 141, 142, 144, 145, 147, 149, 154, 155, 162, 163, 164, 166, 169, 170, 172, 173, 175, 176, 178, 182, 183, 184, 185, 187, 188, 191, 198, 199, 200, 201, 203, 204, 205, 206, 207, 208, 210, 212, 213, 214, 215, 216, 217, 219, 220, 221, 222, 223], "excluded_lines": [226, 227], "functions": {"_split_spec": {"executed_lines": [23, 24, 25, 26, 27], "summary": {"covered_lines": 5, "num_statements": 6, "percent_covered": 83.33333333333333, "percent_covered_display": "83", "missing_lines": 1, "excluded_lines": 0, "percent_statements_covered": 83.33333333333333, "percent_statements_covered_display": "83"}, "missing_lines": [28], "excluded_lines": [], "start_line": 22}, "check_lock_file_completeness": {"executed_lines": [33, 35, 36, 37, 40, 44, 45, 46, 50, 51, 53, 54, 55, 56, 58, 59, 61, 62, 63, 64, 65, 66, 69, 72, 74], "summary": {"covered_lines": 25, "num_statements": 34, "percent_covered": 73.52941176470588, "percent_covered_display": "74", "missing_lines": 9, "excluded_lines": 0, "percent_statements_covered": 73.52941176470588, "percent_statements_covered_display": "74"}, "missing_lines": [38, 39, 41, 42, 47, 48, 57, 67, 70], "excluded_lines": [], "start_line": 31}, "check_for_hardcoded_versions": {"executed_lines": [79, 80, 82, 83, 84, 87, 94, 95, 96, 97, 98, 99, 100, 101, 102, 104, 105, 106, 107, 111], "summary": {"covered_lines": 20, "num_statements": 22, "percent_covered": 90.9090909090909, "percent_covered_display": "91", "missing_lines": 2, "excluded_lines": 0, "percent_statements_covered": 90.9090909090909, "percent_statements_covered_display": "91"}, "missing_lines": [92, 109], "excluded_lines": [], "start_line": 77}, "check_metadata_serialization": {"executed_lines": [], "summary": {"covered_lines": 0, "num_statements": 20, "percent_covered": 0.0, "percent_covered_display": "0", "missing_lines": 20, "excluded_lines": 0, "percent_statements_covered": 0.0, "percent_statements_covered_display": "0"}, "missing_lines": [116, 119, 120, 121, 124, 125, 127, 130, 131, 132, 134, 135, 137, 140, 141, 142, 144, 145, 147, 149], "excluded_lines": [], "start_line": 114}, "check_test_expectations": {"executed_lines": [], "summary": {"covered_lines": 0, "num_statements": 13, "percent_covered": 0.0, "percent_covered_display": "0", "missing_lines": 13, "excluded_lines": 0, "percent_statements_covered": 0.0, "percent_statements_covered_display": "0"}, "missing_lines": [154, 155, 162, 163, 164, 166, 169, 170, 172, 173, 175, 176, 178], "excluded_lines": [], "start_line": 152}, "main": {"executed_lines": [], "summary": {"covered_lines": 0, "num_statements": 29, "percent_covered": 0.0, "percent_covered_display": "0", "missing_lines": 29, "excluded_lines": 0, "percent_statements_covered": 0.0, "percent_statements_covered_display": "0"}, "missing_lines": [182, 183, 184, 185, 187, 188, 191, 198, 199, 200, 201, 203, 204, 205, 206, 207, 208, 210, 212, 213, 214, 215, 216, 217, 219, 220, 221, 222, 223], "excluded_lines": [], "start_line": 181}, "": {"executed_lines": [12, 13, 14, 15, 16, 19, 22, 31, 77, 114, 152, 181], "summary": {"covered_lines": 12, "num_statements": 12, "percent_covered": 100.0, "percent_covered_display": "100", "missing_lines": 0, "excluded_lines": 2, "percent_statements_covered": 100.0, "percent_statements_covered_display": "100"}, "missing_lines": [], "excluded_lines": [226, 227], "start_line": 1}}, "classes": {"": {"executed_lines": [12, 13, 14, 15, 16, 19, 22, 23, 24, 25, 26, 27, 31, 33, 35, 36, 37, 40, 44, 45, 46, 50, 51, 53, 54, 55, 56, 58, 59, 61, 62, 63, 64, 65, 66, 69, 72, 74, 77, 79, 80, 82, 83, 84, 87, 94, 95, 96, 97, 98, 99, 100, 101, 102, 104, 105, 106, 107, 111, 114, 152, 181], "summary": {"covered_lines": 62, "num_statements": 136, "percent_covered": 45.588235294117645, "percent_covered_display": "46", "missing_lines": 74, "excluded_lines": 2, "percent_statements_covered": 45.588235294117645, "percent_statements_covered_display": "46"}, "missing_lines": [28, 38, 39, 41, 42, 47, 48, 57, 67, 70, 92, 109, 116, 119, 120, 121, 124, 125, 127, 130, 131, 132, 134, 135, 137, 140, 141, 142, 144, 145, 147, 149, 154, 155, 162, 163, 164, 166, 169, 170, 172, 173, 175, 176, 178, 182, 183, 184, 185, 187, 188, 191, 198, 199, 200, 201, 203, 204, 205, 206, 207, 208, 210, 212, 213, 214, 215, 216, 217, 219, 220, 221, 222, 223], "excluded_lines": [226, 227], "start_line": 1}}}, "scripts/validate_request.py": {"executed_lines": [], "summary": {"covered_lines": 0, "num_statements": 17, "percent_covered": 0.0, "percent_covered_display": "0", "missing_lines": 17, "excluded_lines": 2, "percent_statements_covered": 0.0, "percent_statements_covered_display": "0"}, "missing_lines": [3, 4, 6, 8, 29, 30, 31, 32, 33, 34, 35, 36, 37, 38, 39, 40, 41], "excluded_lines": [44, 45], "functions": {"main": {"executed_lines": [], "summary": {"covered_lines": 0, "num_statements": 12, "percent_covered": 0.0, "percent_covered_display": "0", "missing_lines": 12, "excluded_lines": 0, "percent_statements_covered": 0.0, "percent_statements_covered_display": "0"}, "missing_lines": [30, 31, 32, 33, 34, 35, 36, 37, 38, 39, 40, 41], "excluded_lines": [], "start_line": 29}, "": {"executed_lines": [], "summary": {"covered_lines": 0, "num_statements": 5, "percent_covered": 0.0, "percent_covered_display": "0", "missing_lines": 5, "excluded_lines": 2, "percent_statements_covered": 0.0, "percent_statements_covered_display": "0"}, "missing_lines": [3, 4, 6, 8, 29], "excluded_lines": [44, 45], "start_line": 1}}, "classes": {"": {"executed_lines": [], "summary": {"covered_lines": 0, "num_statements": 17, "percent_covered": 0.0, "percent_covered_display": "0", "missing_lines": 17, "excluded_lines": 2, "percent_statements_covered": 0.0, "percent_statements_covered_display": "0"}, "missing_lines": [3, 4, 6, 8, 29, 30, 31, 32, 33, 34, 35, 36, 37, 38, 39, 40, 41], "excluded_lines": [44, 45], "start_line": 1}}}, "tests/__init__.py": {"executed_lines": [], "summary": {"covered_lines": 0, "num_statements": 0, "percent_covered": 100.0, "percent_covered_display": "100", "missing_lines": 0, "excluded_lines": 0, "percent_statements_covered": 100.0, "percent_statements_covered_display": "100"}, "missing_lines": [], "excluded_lines": [], "functions": {"": {"executed_lines": [], "summary": {"covered_lines": 0, "num_statements": 0, "percent_covered": 100.0, "percent_covered_display": "100", "missing_lines": 0, "excluded_lines": 0, "percent_statements_covered": 100.0, "percent_statements_covered_display": "100"}, "missing_lines": [], "excluded_lines": [], "start_line": 1}}, "classes": {"": {"executed_lines": [], "summary": {"covered_lines": 0, "num_statements": 0, "percent_covered": 100.0, "percent_covered_display": "100", "missing_lines": 0, "excluded_lines": 0, "percent_statements_covered": 100.0, "percent_statements_covered_display": "100"}, "missing_lines": [], "excluded_lines": [], "start_line": 1}}}, "tests/business/test_policy_contracts.py": {"executed_lines": [1, 2, 4, 12, 13, 16, 17, 20, 21, 23, 24, 25, 27, 28, 29, 30, 33, 34, 36, 37, 39, 40, 41, 42, 45, 46, 48, 49, 51, 52, 53, 54, 57, 58, 59, 60, 61, 66, 67, 68, 70, 71, 72, 73, 78, 79, 80, 82, 83, 84, 85, 90, 91, 92, 94, 95, 96, 97, 102, 103, 104, 106, 107, 108, 109, 114, 115, 116, 121, 122, 127, 128, 129, 131, 132, 133, 134, 139, 140, 141, 143, 144, 145, 146, 151, 152, 158], "summary": {"covered_lines": 87, "num_statements": 95, "percent_covered": 91.57894736842105, "percent_covered_display": "92", "missing_lines": 8, "excluded_lines": 0, "percent_statements_covered": 91.57894736842105, "percent_statements_covered_display": "92"}, "missing_lines": [63, 75, 87, 99, 111, 124, 136, 148], "excluded_lines": [], "functions": {"_scenario_path": {"executed_lines": [13], "summary": {"covered_lines": 1, "num_statements": 1, "percent_covered": 100.0, "percent_covered_display": "100", "missing_lines": 0, "excluded_lines": 0, "percent_statements_covered": 100.0, "percent_statements_covered_display": "100"}, "missing_lines": [], "excluded_lines": [], "start_line": 12}, "_load_scenario": {"executed_lines": [17], "summary": {"covered_lines": 1, "num_statements": 1, "percent_covered": 100.0, "percent_covered_display": "100", "missing_lines": 0, "excluded_lines": 0, "percent_statements_covered": 100.0, "percent_statements_covered_display": "100"}, "missing_lines": [], "excluded_lines": [], "start_line": 16}, "test_policy_round_trip_compliant_case": {"executed_lines": [21, 23, 24, 25, 27, 28, 29, 30], "summary": {"covered_lines": 8, "num_statements": 8, "percent_covered": 100.0, "percent_covered_display": "100", "missing_lines": 0, "excluded_lines": 0, "percent_statements_covered": 100.0, "percent_statements_covered_display": "100"}, "missing_lines": [], "excluded_lines": [], "start_line": 20}, "test_policy_round_trip_non_compliant_case": {"executed_lines": [34, 36, 37, 39, 40, 41, 42], "summary": {"covered_lines": 7, "num_statements": 7, "percent_covered": 100.0, "percent_covered_display": "100", "missing_lines": 0, "excluded_lines": 0, "percent_statements_covered": 100.0, "percent_statements_covered_display": "100"}, "missing_lines": [], "excluded_lines": [], "start_line": 33}, "test_policy_round_trip_exception_case": {"executed_lines": [46, 48, 49, 51, 52, 53, 54], "summary": {"covered_lines": 7, "num_statements": 7, "percent_covered": 100.0, "percent_covered_display": "100", "missing_lines": 0, "excluded_lines": 0, "percent_statements_covered": 100.0, "percent_statements_covered_display": "100"}, "missing_lines": [], "excluded_lines": [], "start_line": 45}, "test_policy_constraint_set_rejects_missing_policy_id": {"executed_lines": [58, 59, 60, 61], "summary": {"covered_lines": 4, "num_statements": 5, "percent_covered": 80.0, "percent_covered_display": "80", "missing_lines": 1, "excluded_lines": 0, "percent_statements_covered": 80.0, "percent_statements_covered_display": "80"}, "missing_lines": [63], "excluded_lines": [], "start_line": 57}, "test_trip_plan_proposal_rejects_non_business_mode": {"executed_lines": [67, 68, 70, 71, 72, 73], "summary": {"covered_lines": 6, "num_statements": 7, "percent_covered": 85.71428571428571, "percent_covered_display": "86", "missing_lines": 1, "excluded_lines": 0, "percent_statements_covered": 85.71428571428571, "percent_statements_covered_display": "86"}, "missing_lines": [75], "excluded_lines": [], "start_line": 66}, "test_trip_plan_proposal_requires_selected_options_list": {"executed_lines": [79, 80, 82, 83, 84, 85], "summary": {"covered_lines": 6, "num_statements": 7, "percent_covered": 85.71428571428571, "percent_covered_display": "86", "missing_lines": 1, "excluded_lines": 0, "percent_statements_covered": 85.71428571428571, "percent_statements_covered_display": "86"}, "missing_lines": [87], "excluded_lines": [], "start_line": 78}, "test_trip_plan_proposal_rejects_empty_selected_options": {"executed_lines": [91, 92, 94, 95, 96, 97], "summary": {"covered_lines": 6, "num_statements": 7, "percent_covered": 85.71428571428571, "percent_covered_display": "86", "missing_lines": 1, "excluded_lines": 0, "percent_statements_covered": 85.71428571428571, "percent_statements_covered_display": "86"}, "missing_lines": [99], "excluded_lines": [], "start_line": 90}, "test_trip_plan_proposal_rejects_non_list_approval_notes": {"executed_lines": [103, 104, 106, 107, 108, 109], "summary": {"covered_lines": 6, "num_statements": 7, "percent_covered": 85.71428571428571, "percent_covered_display": "86", "missing_lines": 1, "excluded_lines": 0, "percent_statements_covered": 85.71428571428571, "percent_statements_covered_display": "86"}, "missing_lines": [111], "excluded_lines": [], "start_line": 102}, "test_policy_evaluation_result_rejects_invalid_status": {"executed_lines": [115, 116, 121, 122], "summary": {"covered_lines": 4, "num_statements": 5, "percent_covered": 80.0, "percent_covered_display": "80", "missing_lines": 1, "excluded_lines": 0, "percent_statements_covered": 80.0, "percent_statements_covered_display": "80"}, "missing_lines": [124], "excluded_lines": [], "start_line": 114}, "test_policy_evaluation_result_rejects_non_list_exception_guidance": {"executed_lines": [128, 129, 131, 132, 133, 134], "summary": {"covered_lines": 6, "num_statements": 7, "percent_covered": 85.71428571428571, "percent_covered_display": "86", "missing_lines": 1, "excluded_lines": 0, "percent_statements_covered": 85.71428571428571, "percent_statements_covered_display": "86"}, "missing_lines": [136], "excluded_lines": [], "start_line": 127}, "test_policy_evaluation_result_rejects_non_list_notes": {"executed_lines": [140, 141, 143, 144, 145, 146], "summary": {"covered_lines": 6, "num_statements": 7, "percent_covered": 85.71428571428571, "percent_covered_display": "86", "missing_lines": 1, "excluded_lines": 0, "percent_statements_covered": 85.71428571428571, "percent_statements_covered_display": "86"}, "missing_lines": [148], "excluded_lines": [], "start_line": 139}, "test_business_package_exports_justification_record": {"executed_lines": [152, 158], "summary": {"covered_lines": 2, "num_statements": 2, "percent_covered": 100.0, "percent_covered_display": "100", "missing_lines": 0, "excluded_lines": 0, "percent_statements_covered": 100.0, "percent_statements_covered_display": "100"}, "missing_lines": [], "excluded_lines": [], "start_line": 151}, "": {"executed_lines": [1, 2, 4, 12, 16, 20, 33, 45, 57, 66, 78, 90, 102, 114, 127, 139, 151], "summary": {"covered_lines": 17, "num_statements": 17, "percent_covered": 100.0, "percent_covered_display": "100", "missing_lines": 0, "excluded_lines": 0, "percent_statements_covered": 100.0, "percent_statements_covered_display": "100"}, "missing_lines": [], "excluded_lines": [], "start_line": 1}}, "classes": {"": {"executed_lines": [1, 2, 4, 12, 13, 16, 17, 20, 21, 23, 24, 25, 27, 28, 29, 30, 33, 34, 36, 37, 39, 40, 41, 42, 45, 46, 48, 49, 51, 52, 53, 54, 57, 58, 59, 60, 61, 66, 67, 68, 70, 71, 72, 73, 78, 79, 80, 82, 83, 84, 85, 90, 91, 92, 94, 95, 96, 97, 102, 103, 104, 106, 107, 108, 109, 114, 115, 116, 121, 122, 127, 128, 129, 131, 132, 133, 134, 139, 140, 141, 143, 144, 145, 146, 151, 152, 158], "summary": {"covered_lines": 87, "num_statements": 95, "percent_covered": 91.57894736842105, "percent_covered_display": "92", "missing_lines": 8, "excluded_lines": 0, "percent_statements_covered": 91.57894736842105, "percent_statements_covered_display": "92"}, "missing_lines": [63, 75, 87, 99, 111, 124, 136, 148], "excluded_lines": [], "start_line": 1}}}, "tests/business/test_profile.py": {"executed_lines": [1, 2, 4, 6, 7, 15, 17, 20, 21, 24, 25, 26, 29, 30, 32, 34, 35, 36, 37, 40, 41, 43, 44, 45, 48, 49, 51, 52, 53, 56, 57, 59, 61, 62, 65, 66, 67, 68, 70, 72, 73, 76, 77, 78, 83, 84, 89, 90, 91, 92, 93, 98, 99, 100, 108, 109, 110, 111, 114, 122, 125, 127, 129], "summary": {"covered_lines": 63, "num_statements": 65, "percent_covered": 96.92307692307692, "percent_covered_display": "97", "missing_lines": 2, "excluded_lines": 0, "percent_statements_covered": 96.92307692307692, "percent_statements_covered_display": "97"}, "missing_lines": [86, 95], "excluded_lines": [], "functions": {"_fixture_path": {"executed_lines": [21], "summary": {"covered_lines": 1, "num_statements": 1, "percent_covered": 100.0, "percent_covered_display": "100", "missing_lines": 0, "excluded_lines": 0, "percent_statements_covered": 100.0, "percent_statements_covered_display": "100"}, "missing_lines": [], "excluded_lines": [], "start_line": 20}, "_load_fixture": {"executed_lines": [25, 26], "summary": {"covered_lines": 2, "num_statements": 2, "percent_covered": 100.0, "percent_covered_display": "100", "missing_lines": 0, "excluded_lines": 0, "percent_statements_covered": 100.0, "percent_statements_covered_display": "100"}, "missing_lines": [], "excluded_lines": [], "start_line": 24}, "test_business_profile_loads_conference_fixture": {"executed_lines": [30, 32, 34, 35, 36, 37], "summary": {"covered_lines": 6, "num_statements": 6, "percent_covered": 100.0, "percent_covered_display": "100", "missing_lines": 0, "excluded_lines": 0, "percent_statements_covered": 100.0, "percent_statements_covered_display": "100"}, "missing_lines": [], "excluded_lines": [], "start_line": 29}, "test_business_profile_loads_client_meeting_fixture": {"executed_lines": [41, 43, 44, 45], "summary": {"covered_lines": 4, "num_statements": 4, "percent_covered": 100.0, "percent_covered_display": "100", "missing_lines": 0, "excluded_lines": 0, "percent_statements_covered": 100.0, "percent_statements_covere
[...]
es": [], "start_line": 148}, "_apply_hybrid_resolution": {"executed_lines": [257, 258, 259, 260, 261, 262, 263, 264, 265, 267, 268, 276, 277, 278, 279, 280, 282, 283, 284], "summary": {"covered_lines": 19, "num_statements": 20, "percent_covered": 95.0, "percent_covered_display": "95", "missing_lines": 1, "excluded_lines": 0, "percent_statements_covered": 95.0, "percent_statements_covered_display": "95"}, "missing_lines": [266], "excluded_lines": [], "start_line": 252}, "_apply_anchor_and_constraint_precedence": {"executed_lines": [291, 292, 293, 294, 295, 296, 299, 300, 301, 304, 307, 315, 316, 320, 321, 324, 325, 326, 327, 328, 329], "summary": {"covered_lines": 21, "num_statements": 21, "percent_covered": 100.0, "percent_covered_display": "100", "missing_lines": 0, "excluded_lines": 0, "percent_statements_covered": 100.0, "percent_statements_covered_display": "100"}, "missing_lines": [], "excluded_lines": [], "start_line": 287}, "_finalize_explanations": {"executed_lines": [346, 347, 348, 349, 350, 351, 354, 355, 356, 361, 362, 365, 366, 367, 368, 369, 370, 373, 374, 377, 378, 379, 381, 382, 383, 384, 385, 386, 387, 388, 389, 390, 391, 392, 393, 394], "summary": {"covered_lines": 36, "num_statements": 36, "percent_covered": 100.0, "percent_covered_display": "100", "missing_lines": 0, "excluded_lines": 0, "percent_statements_covered": 100.0, "percent_statements_covered_display": "100"}, "missing_lines": [], "excluded_lines": [], "start_line": 339}, "": {"executed_lines": [3, 5, 7, 8, 9, 13, 20, 21, 23, 28, 44, 56, 60, 64, 75, 86, 94, 107, 119, 148, 252, 287, 339], "summary": {"covered_lines": 23, "num_statements": 23, "percent_covered": 100.0, "percent_covered_display": "100", "missing_lines": 0, "excluded_lines": 0, "percent_statements_covered": 100.0, "percent_statements_covered_display": "100"}, "missing_lines": [], "excluded_lines": [], "start_line": 1}}, "classes": {"": {"executed_lines": [3, 5, 7, 8, 9, 13, 20, 21, 23, 28, 44, 56, 57, 60, 61, 64, 65, 75, 76, 77, 80, 86, 87, 88, 89, 90, 91, 94, 97, 98, 107, 110, 111, 119, 123, 124, 125, 126, 127, 129, 137, 139, 140, 141, 142, 143, 145, 148, 153, 154, 155, 156, 157, 158, 159, 160, 161, 162, 164, 165, 166, 167, 168, 170, 171, 177, 178, 179, 180, 181, 183, 186, 187, 188, 189, 190, 191, 193, 194, 197, 199, 200, 201, 202, 209, 210, 213, 216, 219, 220, 225, 228, 231, 232, 235, 236, 237, 242, 243, 246, 247, 252, 257, 258, 259, 260, 261, 262, 263, 264, 265, 267, 268, 276, 277, 278, 279, 280, 282, 283, 284, 287, 291, 292, 293, 294, 295, 296, 299, 300, 301, 304, 307, 315, 316, 320, 321, 324, 325, 326, 327, 328, 329, 339, 346, 347, 348, 349, 350, 351, 354, 355, 356, 361, 362, 365, 366, 367, 368, 369, 370, 373, 374, 377, 378, 379, 381, 382, 383, 384, 385, 386, 387, 388, 389, 390, 391, 392, 393, 394], "summary": {"covered_lines": 180, "num_statements": 183, "percent_covered": 98.36065573770492, "percent_covered_display": "98", "missing_lines": 3, "excluded_lines": 0, "percent_statements_covered": 98.36065573770492, "percent_statements_covered_display": "98"}, "missing_lines": [169, 182, 266], "excluded_lines": [], "start_line": 1}}}, "trip_planner/preferences/revealed_preference.py": {"executed_lines": [3, 5, 6, 8, 9, 10, 12, 22, 23, 27, 28, 32, 33, 34, 35, 36, 37, 38, 39, 40, 41, 42, 43, 45, 46, 48, 50, 52, 54, 56, 64, 65, 66, 68, 69, 71, 72, 73, 74, 76, 80, 81, 82, 83, 84, 85, 86, 87, 89, 90, 93, 97, 101, 104, 112, 115, 116, 118, 119, 120, 121, 123, 124, 125, 131, 132, 139, 143, 148, 152, 153, 154, 158, 163, 184, 185, 189], "summary": {"covered_lines": 77, "num_statements": 92, "percent_covered": 83.69565217391305, "percent_covered_display": "84", "missing_lines": 15, "excluded_lines": 0, "percent_statements_covered": 83.69565217391305, "percent_statements_covered_display": "84"}, "missing_lines": [24, 29, 47, 49, 51, 53, 55, 63, 67, 70, 77, 91, 94, 102, 147], "excluded_lines": [], "functions": {"_require_probability": {"executed_lines": [23], "summary": {"covered_lines": 1, "num_statements": 2, "percent_covered": 50.0, "percent_covered_display": "50", "missing_lines": 1, "excluded_lines": 0, "percent_statements_covered": 50.0, "percent_statements_covered_display": "50"}, "missing_lines": [24], "excluded_lines": [], "start_line": 22}, "_require_axis": {"executed_lines": [28], "summary": {"covered_lines": 1, "num_statements": 2, "percent_covered": 50.0, "percent_covered_display": "50", "missing_lines": 1, "excluded_lines": 0, "percent_statements_covered": 50.0, "percent_statements_covered_display": "50"}, "missing_lines": [29], "excluded_lines": [], "start_line": 27}, "RevealedPreferenceSignal.__post_init__": {"executed_lines": [46, 48, 50, 52, 54, 56, 64, 65, 66, 68, 69, 71, 72, 73, 74], "summary": {"covered_lines": 15, "num_statements": 23, "percent_covered": 65.21739130434783, "percent_covered_display": "65", "missing_lines": 8, "excluded_lines": 0, "percent_statements_covered": 65.21739130434783, "percent_statements_covered_display": "65"}, "missing_lines": [47, 49, 51, 53, 55, 63, 67, 70], "excluded_lines": [], "start_line": 45}, "RevealedPreferenceSignal.to_dict": {"executed_lines": [], "summary": {"covered_lines": 0, "num_statements": 1, "percent_covered": 0.0, "percent_covered_display": "0", "missing_lines": 1, "excluded_lines": 0, "percent_statements_covered": 0.0, "percent_statements_covered_display": "0"}, "missing_lines": [77], "excluded_lines": [], "start_line": 76}, "RevealedPreferenceUpdate.__post_init__": {"executed_lines": [90], "summary": {"covered_lines": 1, "num_statements": 2, "percent_covered": 50.0, "percent_covered_display": "50", "missing_lines": 1, "excluded_lines": 0, "percent_statements_covered": 50.0, "percent_statements_covered_display": "50"}, "missing_lines": [91], "excluded_lines": [], "start_line": 89}, "RevealedPreferenceUpdate.to_dict": {"executed_lines": [], "summary": {"covered_lines": 0, "num_statements": 1, "percent_covered": 0.0, "percent_covered_display": "0", "missing_lines": 1, "excluded_lines": 0, "percent_statements_covered": 0.0, "percent_statements_covered_display": "0"}, "missing_lines": [94], "excluded_lines": [], "start_line": 93}, "build_revealed_preference_update": {"executed_lines": [101, 104, 112, 115, 116, 118, 119, 120, 121, 123, 124, 125, 131, 132, 139, 143, 148, 152, 153, 154, 158, 163, 184, 185, 189], "summary": {"covered_lines": 25, "num_statements": 27, "percent_covered": 92.5925925925926, "percent_covered_display": "93", "missing_lines": 2, "excluded_lines": 0, "percent_statements_covered": 92.5925925925926, "percent_statements_covered_display": "93"}, "missing_lines": [102, 147], "excluded_lines": [], "start_line": 97}, "": {"executed_lines": [3, 5, 6, 8, 9, 10, 12, 22, 27, 32, 33, 34, 35, 36, 37, 38, 39, 40, 41, 42, 43, 45, 76, 80, 81, 82, 83, 84, 85, 86, 87, 89, 93, 97], "summary": {"covered_lines": 34, "num_statements": 34, "percent_covered": 100.0, "percent_covered_display": "100", "missing_lines": 0, "excluded_lines": 0, "percent_statements_covered": 100.0, "percent_statements_covered_display": "100"}, "missing_lines": [], "excluded_lines": [], "start_line": 1}}, "classes": {"RevealedPreferenceSignal": {"executed_lines": [46, 48, 50, 52, 54, 56, 64, 65, 66, 68, 69, 71, 72, 73, 74], "summary": {"covered_lines": 15, "num_statements": 24, "percent_covered": 62.5, "percent_covered_display": "62", "missing_lines": 9, "excluded_lines": 0, "percent_statements_covered": 62.5, "percent_statements_covered_display": "62"}, "missing_lines": [47, 49, 51, 53, 55, 63, 67, 70, 77], "excluded_lines": [], "start_line": 33}, "RevealedPreferenceUpdate": {"executed_lines": [90], "summary": {"covered_lines": 1, "num_statements": 3, "percent_covered": 33.333333333333336, "percent_covered_display": "33", "missing_lines": 2, "excluded_lines": 0, "percent_statements_covered": 33.333333333333336, "percent_statements_covered_display": "33"}, "missing_lines": [91, 94], "excluded_lines": [], "start_line": 81}, "": {"executed_lines": [3, 5, 6, 8, 9, 10, 12, 22, 23, 27, 28, 32, 33, 34, 35, 36, 37, 38, 39, 40, 41, 42, 43, 45, 76, 80, 81, 82, 83, 84, 85, 86, 87, 89, 93, 97, 101, 104, 112, 115, 116, 118, 119, 120, 121, 123, 124, 125, 131, 132, 139, 143, 148, 152, 153, 154, 158, 163, 184, 185, 189], "summary": {"covered_lines": 61, "num_statements": 65, "percent_covered": 93.84615384615384, "percent_covered_display": "94", "missing_lines": 4, "excluded_lines": 0, "percent_statements_covered": 93.84615384615384, "percent_statements_covered_display": "94"}, "missing_lines": [24, 29, 102, 147], "excluded_lines": [], "start_line": 1}}}, "trip_planner/preferences/schema.py": {"executed_lines": [3, 5, 7, 8, 10, 11, 16, 22, 27, 28, 35, 44, 57, 63, 85], "summary": {"covered_lines": 15, "num_statements": 15, "percent_covered": 100.0, "percent_covered_display": "100", "missing_lines": 0, "excluded_lines": 0, "percent_statements_covered": 100.0, "percent_statements_covered_display": "100"}, "missing_lines": [], "excluded_lines": [], "functions": {"": {"executed_lines": [3, 5, 7, 8, 10, 11, 16, 22, 27, 28, 35, 44, 57, 63, 85], "summary": {"covered_lines": 15, "num_statements": 15, "percent_covered": 100.0, "percent_covered_display": "100", "missing_lines": 0, "excluded_lines": 0, "percent_statements_covered": 100.0, "percent_statements_covered_display": "100"}, "missing_lines": [], "excluded_lines": [], "start_line": 1}}, "classes": {"": {"executed_lines": [3, 5, 7, 8, 10, 11, 16, 22, 27, 28, 35, 44, 57, 63, 85], "summary": {"covered_lines": 15, "num_statements": 15, "percent_covered": 100.0, "percent_covered_display": "100", "missing_lines": 0, "excluded_lines": 0, "percent_statements_covered": 100.0, "percent_statements_covered_display": "100"}, "missing_lines": [], "excluded_lines": [], "start_line": 1}}}, "trip_planner/sources/__init__.py": {"executed_lines": [3, 4, 6], "summary": {"covered_lines": 3, "num_statements": 3, "percent_covered": 100.0, "percent_covered_display": "100", "missing_lines": 0, "excluded_lines": 0, "percent_statements_covered": 100.0, "percent_statements_covered_display": "100"}, "missing_lines": [], "excluded_lines": [], "functions": {"": {"executed_lines": [3, 4, 6], "summary": {"covered_lines": 3, "num_statements": 3, "percent_covered": 100.0, "percent_covered_display": "100", "missing_lines": 0, "excluded_lines": 0, "percent_statements_covered": 100.0, "percent_statements_covered_display": "100"}, "missing_lines": [], "excluded_lines": [], "start_line": 1}}, "classes": {"": {"executed_lines": [3, 4, 6], "summary": {"covered_lines": 3, "num_statements": 3, "percent_covered": 100.0, "percent_covered_display": "100", "missing_lines": 0, "excluded_lines": 0, "percent_statements_covered": 100.0, "percent_statements_covered_display": "100"}, "missing_lines": [], "excluded_lines": [], "start_line": 1}}}, "trip_planner/sources/models.py": {"executed_lines": [3, 5, 6, 8, 16, 19, 20, 21, 22, 23, 24, 25, 26, 27, 29, 30, 31, 32, 39, 40, 41, 42, 44, 48, 49, 50, 51, 52, 53, 54, 56, 57, 58, 59, 60, 61, 63, 67, 68, 69, 70, 71, 72, 73, 74, 75, 76, 77, 78, 79, 80, 81, 82, 83, 85, 86, 87, 88, 89, 90, 91, 93, 95, 96, 97, 98, 99, 100, 101, 102, 106, 108, 110, 115, 116], "summary": {"covered_lines": 75, "num_statements": 82, "percent_covered": 91.46341463414635, "percent_covered_display": "91", "missing_lines": 7, "excluded_lines": 0, "percent_statements_covered": 91.46341463414635, "percent_statements_covered_display": "91"}, "missing_lines": [45, 64, 92, 94, 107, 109, 111], "excluded_lines": [], "functions": {"SourceTrustSignals.__post_init__": {"executed_lines": [30, 31, 32, 39, 40, 41, 42], "summary": {"covered_lines": 7, "num_statements": 7, "percent_covered": 100.0, "percent_covered_display": "100", "missing_lines": 0, "excluded_lines": 0, "percent_statements_covered": 100.0, "percent_statements_covered_display": "100"}, "missing_lines": [], "excluded_lines": [], "start_line": 29}, "SourceTrustSignals.to_dict": {"executed_lines": [], "summary": {"covered_lines": 0, "num_statements": 1, "percent_covered": 0.0, "percent_covered_display": "0", "missing_lines": 1, "excluded_lines": 0, "percent_statements_covered": 0.0, "percent_statements_covered_display": "0"}, "missing_lines": [45], "excluded_lines": [], "start_line": 44}, "QualityValueFitSummary.__post_init__": {"executed_lines": [57, 58, 59, 60, 61], "summary": {"covered_lines": 5, "num_statements": 5, "percent_covered": 100.0, "percent_covered_display": "100", "missing_lines": 0, "excluded_lines": 0, "percent_statements_covered": 100.0, "percent_statements_covered_display": "100"}, "missing_lines": [], "excluded_lines": [], "start_line": 56}, "QualityValueFitSummary.to_dict": {"executed_lines": [], "summary": {"covered_lines": 0, "num_statements": 1, "percent_covered": 0.0, "percent_covered_display": "0", "missing_lines": 1, "excluded_lines": 0, "percent_statements_covered": 0.0, "percent_statements_covered_display": "0"}, "missing_lines": [64], "excluded_lines": [], "start_line": 63}, "SourceRecord.__post_init__": {"executed_lines": [86, 87, 88, 89, 90, 91, 93, 95, 96, 97, 98, 99, 100, 101, 102, 106, 108, 110], "summary": {"covered_lines": 18, "num_statements": 23, "percent_covered": 78.26086956521739, "percent_covered_display": "78", "missing_lines": 5, "excluded_lines": 0, "percent_statements_covered": 78.26086956521739, "percent_statements_covered_display": "78"}, "missing_lines": [92, 94, 107, 109, 111], "excluded_lines": [], "start_line": 85}, "SourceRecord.to_dict": {"executed_lines": [116], "summary": {"covered_lines": 1, "num_statements": 1, "percent_covered": 100.0, "percent_covered_display": "100", "missing_lines": 0, "excluded_lines": 0, "percent_statements_covered": 100.0, "percent_statements_covered_display": "100"}, "missing_lines": [], "excluded_lines": [], "start_line": 115}, "": {"executed_lines": [3, 5, 6, 8, 16, 19, 20, 21, 22, 23, 24, 25, 26, 27, 29, 44, 48, 49, 50, 51, 52, 53, 54, 56, 63, 67, 68, 69, 70, 71, 72, 73, 74, 75, 76, 77, 78, 79, 80, 81, 82, 83, 85, 115], "summary": {"covered_lines": 44, "num_statements": 44, "percent_covered": 100.0, "percent_covered_display": "100", "missing_lines": 0, "excluded_lines": 0, "percent_statements_covered": 100.0, "percent_statements_covered_display": "100"}, "missing_lines": [], "excluded_lines": [], "start_line": 1}}, "classes": {"SourceTrustSignals": {"executed_lines": [30, 31, 32, 39, 40, 41, 42], "summary": {"covered_lines": 7, "num_statements": 8, "percent_covered": 87.5, "percent_covered_display": "88", "missing_lines": 1, "excluded_lines": 0, "percent_statements_covered": 87.5, "percent_statements_covered_display": "88"}, "missing_lines": [45], "excluded_lines": [], "start_line": 20}, "QualityValueFitSummary": {"executed_lines": [57, 58, 59, 60, 61], "summary": {"covered_lines": 5, "num_statements": 6, "percent_covered": 83.33333333333333, "percent_covered_display": "83", "missing_lines": 1, "excluded_lines": 0, "percent_statements_covered": 83.33333333333333, "percent_statements_covered_display": "83"}, "missing_lines": [64], "excluded_lines": [], "start_line": 49}, "SourceRecord": {"executed_lines": [86, 87, 88, 89, 90, 91, 93, 95, 96, 97, 98, 99, 100, 101, 102, 106, 108, 110, 116], "summary": {"covered_lines": 19, "num_statements": 24, "percent_covered": 79.16666666666667, "percent_covered_display": "79", "missing_lines": 5, "excluded_lines": 0, "percent_statements_covered": 79.16666666666667, "percent_statements_covered_display": "79"}, "missing_lines": [92, 94, 107, 109, 111], "excluded_lines": [], "start_line": 68}, "": {"executed_lines": [3, 5, 6, 8, 16, 19, 20, 21, 22, 23, 24, 25, 26, 27, 29, 44, 48, 49, 50, 51, 52, 53, 54, 56, 63, 67, 68, 69, 70, 71, 72, 73, 74, 75, 76, 77, 78, 79, 80, 81, 82, 83, 85, 115], "summary": {"covered_lines": 44, "num_statements": 44, "percent_covered": 100.0, "percent_covered_display": "100", "missing_lines": 0, "excluded_lines": 0, "percent_statements_covered": 100.0, "percent_statements_covered_display": "100"}, "missing_lines": [], "excluded_lines": [], "start_line": 1}}}, "trip_planner/sources/provenance.py": {"executed_lines": [3, 5, 6, 8, 15, 16, 19, 20, 21, 22, 23, 24, 25, 26, 27, 28, 29, 30, 31, 32, 33, 35, 36, 37, 38, 39, 40, 42, 43, 44, 45, 46, 47, 48, 49, 50, 54, 58, 60, 61], "summary": {"covered_lines": 40, "num_statements": 43, "percent_covered": 93.02325581395348, "percent_covered_display": "93", "missing_lines": 3, "excluded_lines": 0, "percent_statements_covered": 93.02325581395348, "percent_statements_covered_display": "93"}, "missing_lines": [41, 53, 57], "excluded_lines": [], "functions": {"ProvenanceReference.__post_init__": {"executed_lines": [36, 37, 38, 39, 40, 42, 43, 44, 45, 46, 47, 48, 49, 50, 54, 58], "summary": {"covered_lines": 16, "num_statements": 19, "percent_covered": 84.21052631578948, "percent_covered_display": "84", "missing_lines": 3, "excluded_lines": 0, "percent_statements_covered": 84.21052631578948, "percent_statements_covered_display": "84"}, "missing_lines": [41, 53, 57], "excluded_lines": [], "start_line": 35}, "ProvenanceReference.to_dict": {"executed_lines": [61], "summary": {"covered_lines": 1, "num_statements": 1, "percent_covered": 100.0, "percent_covered_display": "100", "missing_lines": 0, "excluded_lines": 0, "percent_statements_covered": 100.0, "percent_statements_covered_display": "100"}, "missing_lines": [], "excluded_lines": [], "start_line": 60}, "": {"executed_lines": [3, 5, 6, 8, 15, 16, 19, 20, 21, 22, 23, 24, 25, 26, 27, 28, 29, 30, 31, 32, 33, 35, 60], "summary": {"covered_lines": 23, "num_statements": 23, "percent_covered": 100.0, "percent_covered_display": "100", "missing_lines": 0, "excluded_lines": 0, "percent_statements_covered": 100.0, "percent_statements_covered_display": "100"}, "missing_lines": [], "excluded_lines": [], "start_line": 1}}, "classes": {"ProvenanceReference": {"executed_lines": [36, 37, 38, 39, 40, 42, 43, 44, 45, 46, 47, 48, 49, 50, 54, 58, 61], "summary": {"covered_lines": 17, "num_statements": 20, "percent_covered": 85.0, "percent_covered_display": "85", "missing_lines": 3, "excluded_lines": 0, "percent_statements_covered": 85.0, "percent_statements_covered_display": "85"}, "missing_lines": [41, 53, 57], "excluded_lines": [], "start_line": 20}, "": {"executed_lines": [3, 5, 6, 8, 15, 16, 19, 20, 21, 22, 23, 24, 25, 26, 27, 28, 29, 30, 31, 32, 33, 35, 60], "summary": {"covered_lines": 23, "num_statements": 23, "percent_covered": 100.0, "percent_covered_display": "100", "missing_lines": 0, "excluded_lines": 0, "percent_statements_covered": 100.0, "percent_statements_covered_display": "100"}, "missing_lines": [], "excluded_lines": [], "start_line": 1}}}, "trip_planner/sources/schema.py": {"executed_lines": [3, 5, 7, 16, 26, 37, 45, 54], "summary": {"covered_lines": 8, "num_statements": 8, "percent_covered": 100.0, "percent_covered_display": "100", "missing_lines": 0, "excluded_lines": 0, "percent_statements_covered": 100.0, "percent_statements_covered_display": "100"}, "missing_lines": [], "excluded_lines": [], "functions": {"": {"executed_lines": [3, 5, 7, 16, 26, 37, 45, 54], "summary": {"covered_lines": 8, "num_statements": 8, "percent_covered": 100.0, "percent_covered_display": "100", "missing_lines": 0, "excluded_lines": 0, "percent_statements_covered": 100.0, "percent_statements_covered_display": "100"}, "missing_lines": [], "excluded_lines": [], "start_line": 1}}, "classes": {"": {"executed_lines": [3, 5, 7, 16, 26, 37, 45, 54], "summary": {"covered_lines": 8, "num_statements": 8, "percent_covered": 100.0, "percent_covered_display": "100", "missing_lines": 0, "excluded_lines": 0, "percent_statements_covered": 100.0, "percent_statements_covered_display": "100"}, "missing_lines": [], "excluded_lines": [], "start_line": 1}}}}, "totals": {"covered_lines": 3371, "num_statements": 4728, "percent_covered": 71.29864636209814, "percent_covered_display": "71", "missing_lines": 1357, "excluded_lines": 42, "percent_statements_covered": 71.29864636209814, "percent_statements_covered_display": "71"}}