<?xml version="1.0" encoding="utf-8"?><testsuites name="pytest tests"><testsuite name="pytest" errors="0" failures="0" skipped="0" tests="126" time="2.788" timestamp="2026-03-30T07:16:30.329960+00:00" hostname="runnervmrg6be"><testcase classname="tests.business.test_policy_contracts" name="test_policy_round_trip_compliant_case" time="0.002" /><testcase classname="tests.business.test_policy_contracts" name="test_policy_round_trip_non_compliant_case" time="0.001" /><testcase classname="tests.business.test_policy_contracts" name="test_policy_round_trip_exception_case" time="0.001" /><testcase classname="tests.business.test_policy_contracts" name="test_policy_constraint_set_rejects_missing_policy_id" time="0.001" /><testcase classname="tests.business.test_policy_contracts" name="test_trip_plan_proposal_rejects_non_business_mode" time="0.001" /><testcase classname="tests.business.test_policy_contracts" name="test_trip_plan_proposal_requires_selected_options_list" time="0.001" /><testcase classname="tests.business.test_policy_contracts" name="test_trip_plan_proposal_rejects_empty_selected_options" time="0.001" /><testcase classname="tests.business.test_policy_contracts" name="test_trip_plan_proposal_rejects_non_list_approval_notes" time="0.001" /><testcase classname="tests.business.test_policy_contracts" name="test_policy_evaluation_result_rejects_invalid_status" time="0.001" /><testcase classname="tests.business.test_policy_contracts" name="test_policy_evaluation_result_rejects_non_list_exception_guidance" time="0.001" /><testcase classname="tests.business.test_policy_contracts" name="test_policy_evaluation_result_rejects_non_list_notes" time="0.001" /><testcase classname="tests.business.test_policy_contracts" name="test_business_package_exports_justification_record" time="0.001" /><testcase classname="tests.business.test_profile" name="test_business_profile_loads_conference_fixture" time="0.001" /><testcase classname="tests.business.test_profile" name="test_business_profile_loads_client_meeting_fixture" time="0.001" /><testcase classname="tests.business.test_profile" name="test_business_profile_loads_site_visit_fixture" time="0.001" /><testcase classname="tests.business.test_profile" name="test_business_profile_fixture_path_is_cwd_independent" time="0.003" /><testcase classname="tests.business.test_profile" name="test_business_profile_fixture_loader_from_nested_cwd" time="0.002" /><testcase classname="tests.business.test_profile" name="test_business_profile_rejects_invalid_traveler_context" time="0.001" /><testcase classname="tests.business.test_profile" name="test_business_profile_rejects_invalid_cost_controls" time="0.001" /><testcase classname="tests.business.test_profile" name="test_business_and_leisure_profiles_remain_separate_contracts" time="0.001" /><testcase classname="tests.business.test_profile" name="test_business_profile_fixture_loader_is_cwd_independent[conference_profile.json-ORD]" time="0.002" /><testcase classname="tests.business.test_profile" name="test_business_profile_fixture_loader_is_cwd_independent[client_meeting_profile.json-DFW]" time="0.002" /><testcase classname="tests.business.test_profile" name="test_business_profile_fixture_loader_is_cwd_independent[site_visit_profile.json-MSP]" time="0.002" /><testcase classname="tests.contracts.test_objectives" name="test_itinerary_objectives_serialize_for_leisure_trip" time="0.001" /><testcase classname="tests.contracts.test_objectives" name="test_itinerary_objectives_reject_invalid_route_shape" time="0.001" /><testcase classname="tests.contracts.test_objectives" name="test_count_range_rejects_inverted_bounds" time="0.001" /><testcase classname="tests.contracts.test_options" name="test_option_set_serializes_profile_learning_bundle" time="0.001" /><testcase classname="tests.contracts.test_options" name="test_option_set_rejects_invalid_selection_limit" time="0.001" /><testcase classname="tests.contracts.test_options" name="test_option_rejects_invalid_kind" time="0.001" /><testcase classname="tests.contracts.test_options" name="test_option_rejects_non_string_fit_signal_keys" time="0.001" /><testcase classname="tests.contracts.test_trip" name="test_trip_serializes_valid_leisure_container" time="0.001" /><testcase classname="tests.contracts.test_trip" name="test_trip_serializes_valid_business_container" time="0.001" /><testcase classname="tests.contracts.test_trip" name="test_trip_rejects_missing_mode_specific_profile_ref" time="0.001" /><testcase classname="tests.contracts.test_trip" name="test_trip_rejects_duplicate_option_set_refs" time="0.001" /><testcase classname="tests.contracts.test_trip" name="test_trip_rejects_policy_state_for_leisure_mode" time="0.001" /><testcase classname="tests.itinerary.test_objective_derivation" name="test_derivation_produces_explainable_objective_bundle" time="0.008" /><testcase classname="tests.itinerary.test_objective_derivation" name="test_materially_different_fixtures_produce_distinct_objective_signals" time="0.008" /><testcase classname="tests.itinerary.test_objective_derivation" name="test_derivation_respects_quality_floor_and_budget_contracts" time="0.002" /><testcase classname="tests.itinerary.test_objective_derivation" name="test_interaction_biases_change_objective_bundle" time="0.009" /><testcase classname="tests.itinerary.test_objective_derivation" name="test_derivation_carries_forward_hard_constraint_guidance" time="0.002" /><testcase classname="tests.itinerary.test_objective_derivation" name="test_short_trip_base_count_respects_duration_cap_with_many_required_places" time="0.002" /><testcase classname="tests.preferences.test_autonomy" name="test_autonomy_feedback_supports_more_system_initiative" time="0.001" /><testcase classname="tests.preferences.test_autonomy" name="test_autonomy_feedback_supports_showing_options_sooner" time="0.001" /><testcase classname="tests.preferences.test_autonomy" name="test_autonomy_profile_can_vary_by_stage" time="0.001" /><testcase classname="tests.preferences.test_evidence" name="test_preference_evidence_serializes_option_and_contradictions" time="0.001" /><testcase classname="tests.preferences.test_evidence" name="test_preference_evidence_requires_time_or_sequence" time="0.001" /><testcase classname="tests.preferences.test_evidence" name="test_option_evidence_required_for_option_selection" time="0.001" /><testcase classname="tests.preferences.test_evidence" name="test_preference_evidence_rejects_unknown_dimension" time="0.001" /><testcase classname="tests.preferences.test_evidence" name="test_option_evidence_requires_selected_option_in_presented_list" time="0.001" /><testcase classname="tests.preferences.test_evidence" name="test_preference_evidence_rejects_option_payload_on_non_option_types" time="0.001" /><testcase classname="tests.preferences.test_evidence" name="test_preference_evidence_rejects_invalid_support_path_at_construction" time="0.001" /><testcase classname="tests.preferences.test_evidence" name="test_option_rejection_cannot_have_positive_signal_direction" time="0.001" /><testcase classname="tests.preferences.test_evidence_catalog" name="test_support_registry_exposes_strength_levels" time="0.001" /><testcase classname="tests.preferences.test_evidence_catalog" name="test_validate_evidence_support_accepts_valid_tradeoff_path" time="0.001" /><testcase classname="tests.preferences.test_evidence_catalog" name="test_validate_evidence_support_accepts_valid_anchor_path" time="0.001" /><testcase classname="tests.preferences.test_evidence_catalog" name="test_validate_evidence_support_rejects_invalid_dimension_combo" time="0.001" /><testcase classname="tests.preferences.test_evidence_catalog" name="test_validate_evidence_support_rejects_invalid_hybrid_combo" time="0.001" /><testcase classname="tests.preferences.test_fixture_corpus" name="test_fixture_corpus_loads_and_instantiates_profiles" time="0.015" /><testcase classname="tests.preferences.test_fixture_corpus" name="test_fixture_corpus_covers_all_first_tier_dimensions" time="0.005" /><testcase classname="tests.preferences.test_fixture_corpus" name="test_tension_cases_surface_real_conflicts" time="0.005" /><testcase classname="tests.preferences.test_fixture_corpus" name="test_fixture_corpus_preserves_option_evidence_for_revealed_preferences" time="0.006" /><testcase classname="tests.preferences.test_fixture_corpus" name="test_fixture_corpus_rejects_wrong_schema_version" time="0.002" /><testcase classname="tests.preferences.test_fixture_corpus" name="test_fixture_corpus_rejects_duplicate_ids" time="0.006" /><testcase classname="tests.preferences.test_fixture_corpus" name="test_fixture_corpus_rejects_missing_qualitative_summary" time="0.003" /><testcase classname="tests.preferences.test_fixture_corpus" name="test_fixture_corpus_rejects_non_object_fixture_entries" time="0.002" /><testcase classname="tests.preferences.test_fixture_corpus" name="test_fixture_corpus_rejects_unknown_hard_constraint_keys" time="0.006" /><testcase classname="tests.preferences.test_interactions" name="test_movement_and_scenic_transit_interaction_activates" time="0.007" /><testcase classname="tests.preferences.test_interactions" name="test_breadth_and_recovery_interaction_produces_tension" time="0.008" /><testcase classname="tests.preferences.test_interactions" name="test_structure_and_discovery_interaction_respects_fixed_anchors" time="0.007" /><testcase classname="tests.preferences.test_interactions" name="test_budget_and_quality_floor_interaction_produces_guardrail_bias" time="0.009" /><testcase classname="tests.preferences.test_interactions" name="test_social_and_recovery_interaction_boosts_rest_hybrid_factor" time="0.008" /><testcase classname="tests.preferences.test_legacy_request_adapter" name="test_legacy_request_adapter_maps_existing_request_shape" time="0.002" /><testcase classname="tests.preferences.test_legacy_request_adapter" name="test_legacy_request_adapter_maps_nature_ratio_onto_canonical_axis" time="0.001" /><testcase classname="tests.preferences.test_legacy_request_adapter" name="test_legacy_request_adapter_maps_complexity_tolerance" time="0.001" /><testcase classname="tests.preferences.test_legacy_request_adapter" name="test_legacy_request_adapter_rejects_invalid_budget_sensitivity" time="0.001" /><testcase classname="tests.preferences.test_legacy_request_adapter" name="test_load_legacy_request_reads_from_path" time="0.002" /><testcase classname="tests.preferences.test_models" name="test_profile_serializes_with_canonical_keys" time="0.002" /><testcase classname="tests.preferences.test_models" name="test_profile_defaults_anchor_groups_when_not_provided" time="0.001" /><testcase classname="tests.preferences.test_models" name="test_trip_frame_rejects_invalid_party" time="0.001" /><testcase classname="tests.preferences.test_models" name="test_hard_constraints_reject_inverted_duration_bounds" time="0.001" /><testcase classname="tests.preferences.test_models" name="test_anchor_rejects_out_of_range_strength" time="0.001" /><testcase classname="tests.preferences.test_models" name="test_budget_model_rejects_invalid_spending_priority" time="0.001" /><testcase classname="tests.preferences.test_models" name="test_tradeoff_dimension_rejects_invalid_scope" time="0.001" /><testcase classname="tests.preferences.test_models" name="test_hybrid_factor_rejects_invalid_mode" time="0.001" /><testcase classname="tests.preferences.test_models" name="test_interaction_rule_rejects_invalid_priority" time="0.001" /><testcase classname="tests.preferences.test_models" name="test_evidence_summary_rejects_non_string_sources" time="0.001" /><testcase classname="tests.preferences.test_models" name="test_profile_rejects_missing_dimension_keys" time="0.001" /><testcase classname="tests.preferences.test_models" name="test_profile_rejects_missing_anchor_groups" time="0.001" /><testcase classname="tests.preferences.test_resolution" name="test_resolution_matches_fixture_directional_outcomes" time="0.028" /><testcase classname="tests.preferences.test_resolution" name="test_resolution_emits_contradiction_tension_when_evidence_conflicts" time="0.008" /><testcase classname="tests.preferences.test_resolution" name="test_resolution_flags_dimensions_that_need_directional_seed" time="0.007" /><testcase classname="tests.preferences.test_resolution" name="test_directional_seed_artifacts_removed_after_interaction_moves_off_zero" time="0.008" /><testcase classname="tests.preferences.test_resolution_directional_seed_cleanup" name="test_resolution_clears_directional_seed_artifacts_after_interactions" time="0.008" /><testcase classname="tests.preferences.test_revealed_preference" name="test_revealed_preference_update_emits_option_evidence" time="0.007" /><testcase classname="tests.preferences.test_revealed_preference" name="test_revealed_preference_guardrail_blocks_overwrite_of_stable_dimension" time="0.006" /><testcase classname="tests.preferences.test_revealed_preference" name="test_revealed_preference_marks_transient_clicks" time="0.005" /><testcase classname="tests.sources.test_source_models" name="test_source_record_supports_editorial_leisure_source" time="0.001" /><testcase classname="tests.sources.test_source_models" name="test_source_record_supports_managed_travel_source" time="0.001" /><testcase classname="tests.sources.test_source_models" name="test_source_record_supports_official_operational_source" time="0.001" /><testcase classname="tests.sources.test_source_models" name="test_source_record_rejects_invalid_category" time="0.001" /><testcase classname="tests.sources.test_source_models" name="test_source_record_rejects_invalid_supported_option_kind" time="0.001" /><testcase classname="tests.sources.test_source_models" name="test_source_trust_signals_reject_negative_freshness_days" time="0.001" /><testcase classname="tests.sources.test_source_provenance" name="test_provenance_reference_supports_option_explanation" time="0.001" /><testcase classname="tests.sources.test_source_provenance" name="test_provenance_reference_supports_policy_ready_proposal" time="0.001" /><testcase classname="tests.sources.test_source_provenance" name="test_provenance_reference_rejects_invalid_subject_kind" time="0.001" /><testcase classname="tests.sources.test_source_provenance" name="test_provenance_reference_rejects_invalid_contribution_kind" time="0.001" /><testcase classname="tests.sources.test_source_provenance" name="test_provenance_reference_rejects_negative_capture_freshness" time="0.001" /><testcase classname="tests.test_complexity" name="test_low_complexity" time="0.001" /><testcase classname="tests.test_complexity" name="test_mid_complexity" time="0.001" /><testcase classname="tests.test_complexity" name="test_high_complexity" time="0.001" /><testcase classname="tests.test_dependency_version_alignment" name="test_all_pyproject_dependencies_are_in_lock" time="0.002" /><testcase classname="tests.test_generate_segments" name="test_generate_segments_schema" time="0.006" /><testcase classname="tests.test_penalty" name="test_world_class_no_penalty" time="0.001" /><testcase classname="tests.test_penalty" name="test_budget_no_penalty" time="0.001" /><testcase classname="tests.test_penalty" name="test_midrange_penalty" time="0.001" /><testcase classname="tests.test_pr_verifier" name="test_extract_related_pr_numbers_ignores_current_pr_and_issues" time="0.001" /><testcase classname="tests.test_pr_verifier" name="test_prepare_prompt_includes_followup_reference_summary" time="0.001" /><testcase classname="tests.test_pr_verifier" name="test_followup_reference_summary_detects_local_pr_body_evidence" time="0.001" /><testcase classname="tests.test_pr_verifier" name="test_extract_followup_pr_description_evidence_deduplicates_matching_lines" time="0.001" /><testcase classname="tests.test_pr_verifier" name="test_extract_followup_pr_links_deduplicates_links" time="0.001" /><testcase classname="tests.test_pr_verifier" name="test_extract_related_pr_numbers_supports_plural_pr_commit_titles" time="0.001" /><testcase classname="tests.test_pr_verifier" name="test_prepare_prompt_uses_commit_title_evidence_for_followup_reference" time="0.001" /><testcase classname="tests.test_pr_verifier" name="test_prepare_prompt_flags_missing_followup_reference_evidence" time="0.001" /><testcase classname="tests.test_sync_test_dependencies" name="test_find_missing_dependencies_respects_repo_specific_project_modules" time="0.003" /><testcase classname="tests.test_validate_dependency_test_setup" name="test_check_lock_file_completeness_uses_requirements_lock" time="0.002" /><testcase classname="tests.test_validate_dependency_test_setup" name="test_check_for_hardcoded_versions_ignores_domain_numeric_assertions" time="0.002" /></testsuite></testsuites>